# JRE version: OpenJDK Runtime Environment (11.0.10) (build 11.0.10+0-b96-7249189)
# Java VM: OpenJDK 64-Bit Server VM (11.0.10+0-b96-7249189, mixed mode, tiered, compressed oops, g1 gc, windows-amd64)
Heap:
 garbage-first heap   total 118784K, used 28163K [0x00000000a1000000, 0x0000000100000000)
  region size 1024K, 5 young (5120K), 5 survivors (5120K)
 Metaspace       used 43571K, capacity 44071K, committed 44240K, reserved 1087488K
  class space    used 5199K, capacity 5369K, committed 5376K, reserved 1048576K
GC Heap History (9 events):
Event: 0.465 GC heap before
{Heap before GC invocations=0 (full 0):
 garbage-first heap   total 98304K, used 17408K [0x00000000a1000000, 0x0000000100000000)
  region size 1024K, 14 young (14336K), 0 survivors (0K)
 Metaspace       used 9780K, capacity 9871K, committed 10112K, reserved 1058816K
  class space    used 834K, capacity 884K, committed 896K, reserved 1048576K
}
Event: 0.468 GC heap after
{Heap after GC invocations=1 (full 0):
 garbage-first heap   total 98304K, used 5220K [0x00000000a1000000, 0x0000000100000000)
  region size 1024K, 2 young (2048K), 2 survivors (2048K)
 Metaspace       used 9780K, capacity 9871K, committed 10112K, reserved 1058816K
  class space    used 834K, capacity 884K, committed 896K, reserved 1048576K
}
Event: 1.477 GC heap before
{Heap before GC invocations=1 (full 0):
 garbage-first heap   total 98304K, used 52324K [0x00000000a1000000, 0x0000000100000000)
  region size 1024K, 49 young (50176K), 2 survivors (2048K)
 Metaspace       used 21045K, capacity 21212K, committed 21248K, reserved 1069056K
  class space    used 2215K, capacity 2278K, committed 2304K, reserved 1048576K
}
Event: 1.489 GC heap after
{Heap after GC invocations=2 (full 0):
 garbage-first heap   total 98304K, used 9424K [0x00000000a1000000, 0x0000000100000000)
  region size 1024K, 7 young (7168K), 7 survivors (7168K)
 Metaspace       used 21045K, capacity 21212K, committed 21248K, reserved 1069056K
  class space    used 2215K, capacity 2278K, committed 2304K, reserved 1048576K
}
Event: 2.797 GC heap before
{Heap before GC invocations=3 (full 0):
 garbage-first heap   total 98304K, used 70864K [0x00000000a1000000, 0x0000000100000000)
  region size 1024K, 55 young (56320K), 7 survivors (7168K)
 Metaspace       used 31840K, capacity 32235K, committed 32380K, reserved 1077248K
  class space    used 3954K, capacity 4113K, committed 4224K, reserved 1048576K
}
Event: 2.817 GC heap after
{Heap after GC invocations=4 (full 0):
 garbage-first heap   total 98304K, used 23646K [0x00000000a1000000, 0x0000000100000000)
  region size 1024K, 6 young (6144K), 6 survivors (6144K)
 Metaspace       used 31840K, capacity 32235K, committed 32380K, reserved 1077248K
  class space    used 3954K, capacity 4113K, committed 4224K, reserved 1048576K
}
Event: 3.138 GC heap before
{Heap before GC invocations=4 (full 0):
 garbage-first heap   total 98304K, used 40030K [0x00000000a1000000, 0x0000000100000000)
  region size 1024K, 23 young (23552K), 6 survivors (6144K)
 Metaspace       used 35498K, capacity 35928K, committed 36048K, reserved 1081344K
  class space    used 4351K, capacity 4534K, committed 4608K, reserved 1048576K
}
Event: 3.151 GC heap after
{Heap after GC invocations=5 (full 0):
 garbage-first heap   total 98304K, used 25327K [0x00000000a1000000, 0x0000000100000000)
  region size 1024K, 2 young (2048K), 2 survivors (2048K)
 Metaspace       used 35498K, capacity 35928K, committed 36048K, reserved 1081344K
  class space    used 4351K, capacity 4534K, committed 4608K, reserved 1048576K
}
Event: 3.869 GC heap before
{Heap before GC invocations=6 (full 0):
 garbage-first heap   total 98304K, used 63215K [0x00000000a1000000, 0x0000000100000000)
  region size 1024K, 39 young (39936K), 2 survivors (2048K)
 Metaspace       used 43571K, capacity 44071K, committed 44240K, reserved 1087488K
  class space    used 5199K, capacity 5369K, committed 5376K, reserved 1048576K
}

