# JRE version: OpenJDK Runtime Environment (11.0.10) (build 11.0.10+0-b96-7249189)
# Java VM: OpenJDK 64-Bit Server VM (11.0.10+0-b96-7249189, mixed mode, tiered, compressed oops, g1 gc, windows-amd64)
Heap:
 garbage-first heap   total 863232K, used 331832K [0x0000000080000000, 0x0000000100000000)
  region size 1024K, 2 young (2048K), 2 survivors (2048K)
 Metaspace       used 135163K, capacity 138427K, committed 138624K, reserved 1169408K
  class space    used 16508K, capacity 17787K, committed 17792K, reserved 1048576K
GC Heap History (20 events):
Event: 4359.535 GC heap after
{Heap after GC invocations=158 (full 0):
 garbage-first heap   total 429056K, used 264958K [0x0000000080000000, 0x0000000100000000)
  region size 1024K, 8 young (8192K), 8 survivors (8192K)
 Metaspace       used 131182K, capacity 134376K, committed 134528K, reserved 1167360K
  class space    used 16135K, capacity 17405K, committed 17536K, reserved 1048576K
}
Event: 4362.395 GC heap before
{Heap before GC invocations=159 (full 0):
 garbage-first heap   total 429056K, used 386814K [0x0000000080000000, 0x0000000100000000)
  region size 1024K, 117 young (119808K), 8 survivors (8192K)
 Metaspace       used 132243K, capacity 135457K, committed 135552K, reserved 1167360K
  class space    used 16252K, capacity 17529K, committed 17536K, reserved 1048576K
}
Event: 4362.484 GC heap after
{Heap after GC invocations=160 (full 0):
 garbage-first heap   total 438272K, used 306395K [0x0000000080000000, 0x0000000100000000)
  region size 1024K, 15 young (15360K), 15 survivors (15360K)
 Metaspace       used 132243K, capacity 135457K, committed 135552K, reserved 1167360K
  class space    used 16252K, capacity 17529K, committed 17536K, reserved 1048576K
}
Event: 4362.509 GC heap before
{Heap before GC invocations=160 (full 0):
 garbage-first heap   total 438272K, used 312539K [0x0000000080000000, 0x0000000100000000)
  region size 1024K, 21 young (21504K), 15 survivors (15360K)
 Metaspace       used 132245K, capacity 135457K, committed 135552K, reserved 1167360K
  class space    used 16252K, capacity 17529K, committed 17536K, reserved 1048576K
}
Event: 4362.540 GC heap after
{Heap after GC invocations=161 (full 0):
 garbage-first heap   total 438272K, used 266752K [0x0000000080000000, 0x0000000100000000)
  region size 1024K, 3 young (3072K), 3 survivors (3072K)
 Metaspace       used 132245K, capacity 135457K, committed 135552K, reserved 1167360K
  class space    used 16252K, capacity 17529K, committed 17536K, reserved 1048576K
}
Event: 4362.580 GC heap before
{Heap before GC invocations=161 (full 0):
 garbage-first heap   total 438272K, used 285184K [0x0000000080000000, 0x0000000100000000)
  region size 1024K, 21 young (21504K), 3 survivors (3072K)
 Metaspace       used 132271K, capacity 135457K, committed 135552K, reserved 1167360K
  class space    used 16252K, capacity 17529K, committed 17536K, reserved 1048576K
}
Event: 4362.617 GC heap after
{Heap after GC invocations=162 (full 0):
 garbage-first heap   total 438272K, used 237056K [0x0000000080000000, 0x0000000100000000)
  region size 1024K, 3 young (3072K), 3 survivors (3072K)
 Metaspace       used 132271K, capacity 135457K, committed 135552K, reserved 1167360K
  class space    used 16252K, capacity 17529K, committed 17536K, reserved 1048576K
}
Event: 4362.651 GC heap before
{Heap before GC invocations=162 (full 0):
 garbage-first heap   total 438272K, used 255488K [0x0000000080000000, 0x0000000100000000)
  region size 1024K, 21 young (21504K), 3 survivors (3072K)
 Metaspace       used 132271K, capacity 135457K, committed 135552K, reserved 1167360K
  class space    used 16252K, capacity 17529K, committed 17536K, reserved 1048576K
}
Event: 4362.706 GC heap after
{Heap after GC invocations=163 (full 0):
 garbage-first heap   total 438272K, used 238592K [0x0000000080000000, 0x0000000100000000)
  region size 1024K, 3 young (3072K), 3 survivors (3072K)
 Metaspace       used 132271K, capacity 135457K, committed 135552K, reserved 1167360K
  class space    used 16252K, capacity 17529K, committed 17536K, reserved 1048576K
}
Event: 4364.481 GC heap before
{Heap before GC invocations=163 (full 0):
 garbage-first heap   total 438272K, used 338944K [0x0000000080000000, 0x0000000100000000)
  region size 1024K, 101 young (103424K), 3 survivors (3072K)
 Metaspace       used 132439K, capacity 135609K, committed 135808K, reserved 1167360K
  class space    used 16254K, capacity 17532K, committed 17536K, reserved 1048576K
}
Event: 4364.823 GC heap after
{Heap after GC invocations=164 (full 0):
 garbage-first heap   total 553984K, used 260096K [0x0000000080000000, 0x0000000100000000)
  region size 1024K, 13 young (13312K), 13 survivors (13312K)
 Metaspace       used 132439K, capacity 135609K, committed 135808K, reserved 1167360K
  class space    used 16254K, capacity 17532K, committed 17536K, reserved 1048576K
}
Event: 4368.454 GC heap before
{Heap before GC invocations=164 (full 0):
 garbage-first heap   total 553984K, used 414720K [0x0000000080000000, 0x0000000100000000)
  region size 1024K, 146 young (149504K), 13 survivors (13312K)
 Metaspace       used 132828K, capacity 136029K, committed 136192K, reserved 1167360K
  class space    used 16283K, capacity 17544K, committed 17664K, reserved 1048576K
}
Event: 4368.511 GC heap after
{Heap after GC invocations=165 (full 0):
 garbage-first heap   total 553984K, used 290816K [0x0000000080000000, 0x0000000100000000)
  region size 1024K, 11 young (11264K), 11 survivors (11264K)
 Metaspace       used 132828K, capacity 136029K, committed 136192K, reserved 1167360K
  class space    used 16283K, capacity 17544K, committed 17664K, reserved 1048576K
}
Event: 4369.655 GC heap before
{Heap before GC invocations=165 (full 0):
 garbage-first heap   total 553984K, used 443392K [0x0000000080000000, 0x0000000100000000)
  region size 1024K, 137 young (140288K), 11 survivors (11264K)
 Metaspace       used 132908K, capacity 136094K, committed 136448K, reserved 1167360K
  class space    used 16283K, capacity 17544K, committed 17664K, reserved 1048576K
}
Event: 4369.732 GC heap after
{Heap after GC invocations=166 (full 0):
 garbage-first heap   total 553984K, used 330274K [0x0000000080000000, 0x0000000100000000)
  region size 1024K, 18 young (18432K), 18 survivors (18432K)
 Metaspace       used 132908K, capacity 136094K, committed 136448K, reserved 1167360K
  class space    used 16283K, capacity 17544K, committed 17664K, reserved 1048576K
}
Event: 4376.953 GC heap before
{Heap before GC invocations=166 (full 0):
 garbage-first heap   total 553984K, used 460322K [0x0000000080000000, 0x0000000100000000)
  region size 1024K, 126 young (129024K), 18 survivors (18432K)
 Metaspace       used 134206K, capacity 137530K, committed 137600K, reserved 1169408K
  class space    used 16433K, capacity 17723K, committed 17792K, reserved 1048576K
}
Event: 4377.023 GC heap after
{Heap after GC invocations=167 (full 0):
 garbage-first heap   total 553984K, used 324266K [0x0000000080000000, 0x0000000100000000)
  region size 1024K, 7 young (7168K), 7 survivors (7168K)
 Metaspace       used 134206K, capacity 137530K, committed 137600K, reserved 1169408K
  class space    used 16433K, capacity 17723K, committed 17792K, reserved 1048576K
}
Event: 4378.837 GC heap before
{Heap before GC invocations=167 (full 0):
 garbage-first heap   total 553984K, used 446122K [0x0000000080000000, 0x0000000100000000)
  region size 1024K, 124 young (126976K), 7 survivors (7168K)
 Metaspace       used 135159K, capacity 138427K, committed 138624K, reserved 1169408K
  class space    used 16508K, capacity 17787K, committed 17792K, reserved 1048576K
}
Event: 4378.929 GC heap after
{Heap after GC invocations=168 (full 0):
 garbage-first heap   total 553984K, used 330410K [0x0000000080000000, 0x0000000100000000)
  region size 1024K, 13 young (13312K), 13 survivors (13312K)
 Metaspace       used 135159K, capacity 138427K, committed 138624K, reserved 1169408K
  class space    used 16508K, capacity 17787K, committed 17792K, reserved 1048576K
}
Event: 4378.973 GC heap before
{Heap before GC invocations=168 (full 0):
 garbage-first heap   total 553984K, used 366250K [0x0000000080000000, 0x0000000100000000)
  region size 1024K, 48 young (49152K), 13 survivors (13312K)
 Metaspace       used 135163K, capacity 138427K, committed 138624K, reserved 1169408K
  class space    used 16508K, capacity 17787K, committed 17792K, reserved 1048576K
}

