# JRE version: OpenJDK Runtime Environment (11.0.10) (build 11.0.10+0-b96-7249189)
# Java VM: OpenJDK 64-Bit Server VM (11.0.10+0-b96-7249189, mixed mode, tiered, compressed oops, g1 gc, windows-amd64)
Heap:
 garbage-first heap   total 920576K, used 167246K [0x0000000080000000, 0x0000000100000000)
  region size 1024K, 6 young (6144K), 6 survivors (6144K)
 Metaspace       used 154892K, capacity 158606K, committed 158668K, reserved 1187840K
  class space    used 18764K, capacity 20191K, committed 20224K, reserved 1048576K
GC Heap History (20 events):
Event: 124.433 GC heap after
{Heap after GC invocations=166 (full 0):
 garbage-first heap   total 359424K, used 311797K [0x0000000080000000, 0x0000000100000000)
  region size 1024K, 2 young (2048K), 2 survivors (2048K)
 Metaspace       used 154651K, capacity 158364K, committed 158412K, reserved 1187840K
  class space    used 18742K, capacity 20182K, committed 20224K, reserved 1048576K
}
Event: 124.500 GC heap before
{Heap before GC invocations=166 (full 0):
 garbage-first heap   total 359424K, used 327157K [0x0000000080000000, 0x0000000100000000)
  region size 1024K, 17 young (17408K), 2 survivors (2048K)
 Metaspace       used 154661K, capacity 158364K, committed 158412K, reserved 1187840K
  class space    used 18743K, capacity 20182K, committed 20224K, reserved 1048576K
}
Event: 124.502 GC heap after
{Heap after GC invocations=167 (full 0):
 garbage-first heap   total 359424K, used 311905K [0x0000000080000000, 0x0000000100000000)
  region size 1024K, 2 young (2048K), 2 survivors (2048K)
 Metaspace       used 154661K, capacity 158364K, committed 158412K, reserved 1187840K
  class space    used 18743K, capacity 20182K, committed 20224K, reserved 1048576K
}
Event: 124.537 GC heap before
{Heap before GC invocations=167 (full 0):
 garbage-first heap   total 359424K, used 327265K [0x0000000080000000, 0x0000000100000000)
  region size 1024K, 17 young (17408K), 2 survivors (2048K)
 Metaspace       used 154663K, capacity 158364K, committed 158412K, reserved 1187840K
  class space    used 18743K, capacity 20182K, committed 20224K, reserved 1048576K
}
Event: 124.540 GC heap after
{Heap after GC invocations=168 (full 0):
 garbage-first heap   total 359424K, used 312284K [0x0000000080000000, 0x0000000100000000)
  region size 1024K, 2 young (2048K), 2 survivors (2048K)
 Metaspace       used 154663K, capacity 158364K, committed 158412K, reserved 1187840K
  class space    used 18743K, capacity 20182K, committed 20224K, reserved 1048576K
}
Event: 124.590 GC heap before
{Heap before GC invocations=168 (full 0):
 garbage-first heap   total 359424K, used 327644K [0x0000000080000000, 0x0000000100000000)
  region size 1024K, 17 young (17408K), 2 survivors (2048K)
 Metaspace       used 154663K, capacity 158364K, committed 158412K, reserved 1187840K
  class space    used 18743K, capacity 20182K, committed 20224K, reserved 1048576K
}
Event: 124.593 GC heap after
{Heap after GC invocations=169 (full 0):
 garbage-first heap   total 359424K, used 313842K [0x0000000080000000, 0x0000000100000000)
  region size 1024K, 3 young (3072K), 3 survivors (3072K)
 Metaspace       used 154663K, capacity 158364K, committed 158412K, reserved 1187840K
  class space    used 18743K, capacity 20182K, committed 20224K, reserved 1048576K
}
Event: 124.661 GC heap before
{Heap before GC invocations=169 (full 0):
 garbage-first heap   total 359424K, used 328178K [0x0000000080000000, 0x0000000100000000)
  region size 1024K, 17 young (17408K), 3 survivors (3072K)
 Metaspace       used 154680K, capacity 158364K, committed 158412K, reserved 1187840K
  class space    used 18745K, capacity 20182K, committed 20224K, reserved 1048576K
}
Event: 124.665 GC heap after
{Heap after GC invocations=170 (full 0):
 garbage-first heap   total 359424K, used 313097K [0x0000000080000000, 0x0000000100000000)
  region size 1024K, 1 young (1024K), 1 survivors (1024K)
 Metaspace       used 154680K, capacity 158364K, committed 158412K, reserved 1187840K
  class space    used 18745K, capacity 20182K, committed 20224K, reserved 1048576K
}
Event: 124.745 GC heap before
{Heap before GC invocations=170 (full 0):
 garbage-first heap   total 359424K, used 328457K [0x0000000080000000, 0x0000000100000000)
  region size 1024K, 17 young (17408K), 1 survivors (1024K)
 Metaspace       used 154700K, capacity 158377K, committed 158668K, reserved 1187840K
  class space    used 18745K, capacity 20183K, committed 20224K, reserved 1048576K
}
Event: 124.747 GC heap after
{Heap after GC invocations=171 (full 0):
 garbage-first heap   total 359424K, used 314422K [0x0000000080000000, 0x0000000100000000)
  region size 1024K, 2 young (2048K), 2 survivors (2048K)
 Metaspace       used 154700K, capacity 158377K, committed 158668K, reserved 1187840K
  class space    used 18745K, capacity 20183K, committed 20224K, reserved 1048576K
}
Event: 124.844 GC heap before
{Heap before GC invocations=171 (full 0):
 garbage-first heap   total 359424K, used 329782K [0x0000000080000000, 0x0000000100000000)
  region size 1024K, 17 young (17408K), 2 survivors (2048K)
 Metaspace       used 154716K, capacity 158381K, committed 158668K, reserved 1187840K
  class space    used 18746K, capacity 20184K, committed 20224K, reserved 1048576K
}
Event: 124.849 GC heap after
{Heap after GC invocations=172 (full 0):
 garbage-first heap   total 451584K, used 315464K [0x0000000080000000, 0x0000000100000000)
  region size 1024K, 3 young (3072K), 3 survivors (3072K)
 Metaspace       used 154716K, capacity 158381K, committed 158668K, reserved 1187840K
  class space    used 18746K, capacity 20184K, committed 20224K, reserved 1048576K
}
Event: 126.156 GC heap before
{Heap before GC invocations=173 (full 0):
 garbage-first heap   total 451584K, used 260168K [0x0000000080000000, 0x0000000100000000)
  region size 1024K, 43 young (44032K), 3 survivors (3072K)
 Metaspace       used 154714K, capacity 158358K, committed 158668K, reserved 1187840K
  class space    used 18741K, capacity 20175K, committed 20224K, reserved 1048576K
}
Event: 126.255 GC heap after
{Heap after GC invocations=174 (full 0):
 garbage-first heap   total 451584K, used 225910K [0x0000000080000000, 0x0000000100000000)
  region size 1024K, 6 young (6144K), 6 survivors (6144K)
 Metaspace       used 154714K, capacity 158358K, committed 158668K, reserved 1187840K
  class space    used 18741K, capacity 20175K, committed 20224K, reserved 1048576K
}
Event: 126.338 GC heap before
{Heap before GC invocations=174 (full 0):
 garbage-first heap   total 451584K, used 241270K [0x0000000080000000, 0x0000000100000000)
  region size 1024K, 22 young (22528K), 6 survivors (6144K)
 Metaspace       used 154714K, capacity 158358K, committed 158668K, reserved 1187840K
  class space    used 18741K, capacity 20175K, committed 20224K, reserved 1048576K
}
Event: 126.370 GC heap after
{Heap after GC invocations=175 (full 0):
 garbage-first heap   total 451584K, used 178512K [0x0000000080000000, 0x0000000100000000)
  region size 1024K, 2 young (2048K), 2 survivors (2048K)
 Metaspace       used 154714K, capacity 158358K, committed 158668K, reserved 1187840K
  class space    used 18741K, capacity 20175K, committed 20224K, reserved 1048576K
}
Event: 126.830 GC heap before
{Heap before GC invocations=175 (full 0):
 garbage-first heap   total 451584K, used 198992K [0x0000000080000000, 0x0000000100000000)
  region size 1024K, 22 young (22528K), 2 survivors (2048K)
 Metaspace       used 154715K, capacity 158358K, committed 158668K, reserved 1187840K
  class space    used 18741K, capacity 20175K, committed 20224K, reserved 1048576K
}
Event: 126.861 GC heap after
{Heap after GC invocations=176 (full 0):
 garbage-first heap   total 451584K, used 158413K [0x0000000080000000, 0x0000000100000000)
  region size 1024K, 2 young (2048K), 2 survivors (2048K)
 Metaspace       used 154715K, capacity 158358K, committed 158668K, reserved 1187840K
  class space    used 18741K, capacity 20175K, committed 20224K, reserved 1048576K
}
Event: 127.195 GC heap before
{Heap before GC invocations=176 (full 0):
 garbage-first heap   total 451584K, used 202445K [0x0000000080000000, 0x0000000100000000)
  region size 1024K, 46 young (47104K), 2 survivors (2048K)
 Metaspace       used 154892K, capacity 158606K, committed 158668K, reserved 1187840K
  class space    used 18764K, capacity 20191K, committed 20224K, reserved 1048576K
}

