# JRE version: OpenJDK Runtime Environment (11.0.10) (build 11.0.10+0-b96-7249189)
# Java VM: OpenJDK 64-Bit Server VM (11.0.10+0-b96-7249189, mixed mode, tiered, compressed oops, g1 gc, windows-amd64)
Heap:
 garbage-first heap   total 118784K, used 81633K [0x0000000080000000, 0x0000000100000000)
  region size 1024K, 26 young (26624K), 5 survivors (5120K)
 Metaspace       used 67174K, capacity 68774K, committed 69120K, reserved 1110016K
  class space    used 8494K, capacity 9114K, committed 9216K, reserved 1048576K
GC Heap History (20 events):
Event: 4.909 GC heap before
{Heap before GC invocations=8 (full 0):
 garbage-first heap   total 118784K, used 42109K [0x0000000080000000, 0x0000000100000000)
  region size 1024K, 27 young (27648K), 4 survivors (4096K)
 Metaspace       used 35046K, capacity 35809K, committed 35840K, reserved 1081344K
  class space    used 4538K, capacity 4833K, committed 4864K, reserved 1048576K
}
Event: 4.918 GC heap after
{Heap after GC invocations=9 (full 0):
 garbage-first heap   total 118784K, used 22305K [0x0000000080000000, 0x0000000100000000)
  region size 1024K, 6 young (6144K), 6 survivors (6144K)
 Metaspace       used 35046K, capacity 35809K, committed 35840K, reserved 1081344K
  class space    used 4538K, capacity 4833K, committed 4864K, reserved 1048576K
}
Event: 5.996 GC heap before
{Heap before GC invocations=10 (full 0):
 garbage-first heap   total 118784K, used 75553K [0x0000000080000000, 0x0000000100000000)
  region size 1024K, 55 young (56320K), 6 survivors (6144K)
 Metaspace       used 38699K, capacity 39642K, committed 39936K, reserved 1083392K
  class space    used 4926K, capacity 5252K, committed 5376K, reserved 1048576K
}
Event: 6.009 GC heap after
{Heap after GC invocations=11 (full 0):
 garbage-first heap   total 118784K, used 26615K [0x0000000080000000, 0x0000000100000000)
  region size 1024K, 7 young (7168K), 7 survivors (7168K)
 Metaspace       used 38699K, capacity 39642K, committed 39936K, reserved 1083392K
  class space    used 4926K, capacity 5252K, committed 5376K, reserved 1048576K
}
Event: 7.334 GC heap before
{Heap before GC invocations=11 (full 0):
 garbage-first heap   total 118784K, used 76791K [0x0000000080000000, 0x0000000100000000)
  region size 1024K, 56 young (57344K), 7 survivors (7168K)
 Metaspace       used 43334K, capacity 44405K, committed 44672K, reserved 1087488K
  class space    used 5528K, capacity 5896K, committed 6016K, reserved 1048576K
}
Event: 7.344 GC heap after
{Heap after GC invocations=12 (full 0):
 garbage-first heap   total 118784K, used 28852K [0x0000000080000000, 0x0000000100000000)
  region size 1024K, 3 young (3072K), 3 survivors (3072K)
 Metaspace       used 43334K, capacity 44405K, committed 44672K, reserved 1087488K
  class space    used 5528K, capacity 5896K, committed 6016K, reserved 1048576K
}
Event: 8.358 GC heap before
{Heap before GC invocations=12 (full 0):
 garbage-first heap   total 118784K, used 80052K [0x0000000080000000, 0x0000000100000000)
  region size 1024K, 53 young (54272K), 3 survivors (3072K)
 Metaspace       used 46762K, capacity 47931K, committed 48256K, reserved 1091584K
  class space    used 5975K, capacity 6409K, committed 6528K, reserved 1048576K
}
Event: 8.362 GC heap after
{Heap after GC invocations=13 (full 0):
 garbage-first heap   total 118784K, used 30933K [0x0000000080000000, 0x0000000100000000)
  region size 1024K, 5 young (5120K), 5 survivors (5120K)
 Metaspace       used 46762K, capacity 47931K, committed 48256K, reserved 1091584K
  class space    used 5975K, capacity 6409K, committed 6528K, reserved 1048576K
}
Event: 9.262 GC heap before
{Heap before GC invocations=13 (full 0):
 garbage-first heap   total 118784K, used 93397K [0x0000000080000000, 0x0000000100000000)
  region size 1024K, 58 young (59392K), 5 survivors (5120K)
 Metaspace       used 50307K, capacity 51563K, committed 51712K, reserved 1093632K
  class space    used 6402K, capacity 6856K, committed 6912K, reserved 1048576K
}
Event: 9.270 GC heap after
{Heap after GC invocations=14 (full 0):
 garbage-first heap   total 118784K, used 49968K [0x0000000080000000, 0x0000000100000000)
  region size 1024K, 8 young (8192K), 8 survivors (8192K)
 Metaspace       used 50307K, capacity 51563K, committed 51712K, reserved 1093632K
  class space    used 6402K, capacity 6856K, committed 6912K, reserved 1048576K
}
Event: 9.841 GC heap before
{Heap before GC invocations=14 (full 0):
 garbage-first heap   total 118784K, used 89904K [0x0000000080000000, 0x0000000100000000)
  region size 1024K, 47 young (48128K), 8 survivors (8192K)
 Metaspace       used 56261K, capacity 57689K, committed 57856K, reserved 1099776K
  class space    used 7114K, capacity 7612K, committed 7680K, reserved 1048576K
}
Event: 9.848 GC heap after
{Heap after GC invocations=15 (full 0):
 garbage-first heap   total 118784K, used 52748K [0x0000000080000000, 0x0000000100000000)
  region size 1024K, 2 young (2048K), 2 survivors (2048K)
 Metaspace       used 56261K, capacity 57689K, committed 57856K, reserved 1099776K
  class space    used 7114K, capacity 7612K, committed 7680K, reserved 1048576K
}
Event: 10.114 GC heap before
{Heap before GC invocations=15 (full 0):
 garbage-first heap   total 118784K, used 66060K [0x0000000080000000, 0x0000000100000000)
  region size 1024K, 16 young (16384K), 2 survivors (2048K)
 Metaspace       used 58558K, capacity 60015K, committed 60160K, reserved 1101824K
  class space    used 7418K, capacity 7963K, committed 8064K, reserved 1048576K
}
Event: 10.118 GC heap after
{Heap after GC invocations=16 (full 0):
 garbage-first heap   total 118784K, used 53644K [0x0000000080000000, 0x0000000100000000)
  region size 1024K, 3 young (3072K), 3 survivors (3072K)
 Metaspace       used 58558K, capacity 60015K, committed 60160K, reserved 1101824K
  class space    used 7418K, capacity 7963K, committed 8064K, reserved 1048576K
}
Event: 10.568 GC heap before
{Heap before GC invocations=17 (full 0):
 garbage-first heap   total 118784K, used 87436K [0x0000000080000000, 0x0000000100000000)
  region size 1024K, 37 young (37888K), 3 survivors (3072K)
 Metaspace       used 61774K, capacity 63367K, committed 63488K, reserved 1103872K
  class space    used 7817K, capacity 8390K, committed 8448K, reserved 1048576K
}
Event: 10.575 GC heap after
{Heap after GC invocations=18 (full 0):
 garbage-first heap   total 118784K, used 56562K [0x0000000080000000, 0x0000000100000000)
  region size 1024K, 5 young (5120K), 5 survivors (5120K)
 Metaspace       used 61774K, capacity 63367K, committed 63488K, reserved 1103872K
  class space    used 7817K, capacity 8390K, committed 8448K, reserved 1048576K
}
Event: 11.063 GC heap before
{Heap before GC invocations=19 (full 0):
 garbage-first heap   total 118784K, used 90354K [0x0000000080000000, 0x0000000100000000)
  region size 1024K, 38 young (38912K), 5 survivors (5120K)
 Metaspace       used 65108K, capacity 66641K, committed 66688K, reserved 1107968K
  class space    used 8253K, capacity 8813K, committed 8832K, reserved 1048576K
}
Event: 11.068 GC heap after
{Heap after GC invocations=20 (full 0):
 garbage-first heap   total 118784K, used 58177K [0x0000000080000000, 0x0000000100000000)
  region size 1024K, 2 young (2048K), 2 survivors (2048K)
 Metaspace       used 65108K, capacity 66641K, committed 66688K, reserved 1107968K
  class space    used 8253K, capacity 8813K, committed 8832K, reserved 1048576K
}
Event: 11.360 GC heap before
{Heap before GC invocations=20 (full 0):
 garbage-first heap   total 118784K, used 92993K [0x0000000080000000, 0x0000000100000000)
  region size 1024K, 36 young (36864K), 2 survivors (2048K)
 Metaspace       used 65970K, capacity 67642K, committed 67840K, reserved 1107968K
  class space    used 8359K, capacity 8951K, committed 8960K, reserved 1048576K
}
Event: 11.365 GC heap after
{Heap after GC invocations=21 (full 0):
 garbage-first heap   total 118784K, used 61153K [0x0000000080000000, 0x0000000100000000)
  region size 1024K, 5 young (5120K), 5 survivors (5120K)
 Metaspace       used 65970K, capacity 67642K, committed 67840K, reserved 1107968K
  class space    used 8359K, capacity 8951K, committed 8960K, reserved 1048576K
}

