# JRE version: OpenJDK Runtime Environment (11.0.10) (build 11.0.10+0-b96-7249189)
# Java VM: OpenJDK 64-Bit Server VM (11.0.10+0-b96-7249189, mixed mode, tiered, compressed oops, g1 gc, windows-amd64)
Heap:
 garbage-first heap   total 172032K, used 68415K [0x0000000080000000, 0x0000000100000000)
  region size 1024K, 6 young (6144K), 6 survivors (6144K)
 Metaspace       used 73863K, capacity 75582K, committed 75776K, reserved 1114112K
  class space    used 9541K, capacity 10158K, committed 10240K, reserved 1048576K
GC Heap History (20 events):
Event: 4.393 GC heap after
{Heap after GC invocations=9 (full 0):
 garbage-first heap   total 118784K, used 22589K [0x0000000080000000, 0x0000000100000000)
  region size 1024K, 6 young (6144K), 6 survivors (6144K)
 Metaspace       used 35044K, capacity 35805K, committed 35840K, reserved 1081344K
  class space    used 4538K, capacity 4833K, committed 4864K, reserved 1048576K
}
Event: 4.850 GC heap before
{Heap before GC invocations=10 (full 0):
 garbage-first heap   total 118784K, used 73789K [0x0000000080000000, 0x0000000100000000)
  region size 1024K, 54 young (55296K), 6 survivors (6144K)
 Metaspace       used 38680K, capacity 39638K, committed 39936K, reserved 1083392K
  class space    used 4925K, capacity 5252K, committed 5376K, reserved 1048576K
}
Event: 4.858 GC heap after
{Heap after GC invocations=11 (full 0):
 garbage-first heap   total 118784K, used 26502K [0x0000000080000000, 0x0000000100000000)
  region size 1024K, 7 young (7168K), 7 survivors (7168K)
 Metaspace       used 38680K, capacity 39638K, committed 39936K, reserved 1083392K
  class space    used 4925K, capacity 5252K, committed 5376K, reserved 1048576K
}
Event: 5.719 GC heap before
{Heap before GC invocations=11 (full 0):
 garbage-first heap   total 118784K, used 75654K [0x0000000080000000, 0x0000000100000000)
  region size 1024K, 55 young (56320K), 7 survivors (7168K)
 Metaspace       used 43136K, capacity 44156K, committed 44288K, reserved 1087488K
  class space    used 5502K, capacity 5856K, committed 5888K, reserved 1048576K
}
Event: 5.727 GC heap after
{Heap after GC invocations=12 (full 0):
 garbage-first heap   total 118784K, used 29463K [0x0000000080000000, 0x0000000100000000)
  region size 1024K, 7 young (7168K), 7 survivors (7168K)
 Metaspace       used 43136K, capacity 44156K, committed 44288K, reserved 1087488K
  class space    used 5502K, capacity 5856K, committed 5888K, reserved 1048576K
}
Event: 6.585 GC heap before
{Heap before GC invocations=12 (full 0):
 garbage-first heap   total 118784K, used 78615K [0x0000000080000000, 0x0000000100000000)
  region size 1024K, 55 young (56320K), 7 survivors (7168K)
 Metaspace       used 46689K, capacity 47964K, committed 48256K, reserved 1091584K
  class space    used 5980K, capacity 6422K, committed 6528K, reserved 1048576K
}
Event: 6.592 GC heap after
{Heap after GC invocations=13 (full 0):
 garbage-first heap   total 143360K, used 31454K [0x0000000080000000, 0x0000000100000000)
  region size 1024K, 5 young (5120K), 5 survivors (5120K)
 Metaspace       used 46689K, capacity 47964K, committed 48256K, reserved 1091584K
  class space    used 5980K, capacity 6422K, committed 6528K, reserved 1048576K
}
Event: 7.889 GC heap before
{Heap before GC invocations=13 (full 0):
 garbage-first heap   total 143360K, used 98014K [0x0000000080000000, 0x0000000100000000)
  region size 1024K, 63 young (64512K), 5 survivors (5120K)
 Metaspace       used 50399K, capacity 51802K, committed 52096K, reserved 1093632K
  class space    used 6423K, capacity 6936K, committed 7040K, reserved 1048576K
}
Event: 7.899 GC heap after
{Heap after GC invocations=14 (full 0):
 garbage-first heap   total 143360K, used 51023K [0x0000000080000000, 0x0000000100000000)
  region size 1024K, 8 young (8192K), 8 survivors (8192K)
 Metaspace       used 50399K, capacity 51802K, committed 52096K, reserved 1093632K
  class space    used 6423K, capacity 6936K, committed 7040K, reserved 1048576K
}
Event: 8.785 GC heap before
{Heap before GC invocations=14 (full 0):
 garbage-first heap   total 143360K, used 103247K [0x0000000080000000, 0x0000000100000000)
  region size 1024K, 59 young (60416K), 8 survivors (8192K)
 Metaspace       used 58170K, capacity 59727K, committed 60032K, reserved 1101824K
  class space    used 7398K, capacity 7975K, committed 8064K, reserved 1048576K
}
Event: 8.792 GC heap after
{Heap after GC invocations=15 (full 0):
 garbage-first heap   total 143360K, used 54943K [0x0000000080000000, 0x0000000100000000)
  region size 1024K, 3 young (3072K), 3 survivors (3072K)
 Metaspace       used 58170K, capacity 59727K, committed 60032K, reserved 1101824K
  class space    used 7398K, capacity 7975K, committed 8064K, reserved 1048576K
}
Event: 8.827 GC heap before
{Heap before GC invocations=15 (full 0):
 garbage-first heap   total 143360K, used 55967K [0x0000000080000000, 0x0000000100000000)
  region size 1024K, 5 young (5120K), 3 survivors (3072K)
 Metaspace       used 58577K, capacity 60082K, committed 60160K, reserved 1101824K
  class space    used 7428K, capacity 8008K, committed 8064K, reserved 1048576K
}
Event: 8.830 GC heap after
{Heap after GC invocations=16 (full 0):
 garbage-first heap   total 143360K, used 55197K [0x0000000080000000, 0x0000000100000000)
  region size 1024K, 3 young (3072K), 3 survivors (3072K)
 Metaspace       used 58577K, capacity 60082K, committed 60160K, reserved 1101824K
  class space    used 7428K, capacity 8008K, committed 8064K, reserved 1048576K
}
Event: 9.420 GC heap before
{Heap before GC invocations=17 (full 0):
 garbage-first heap   total 143360K, used 104349K [0x0000000080000000, 0x0000000100000000)
  region size 1024K, 51 young (52224K), 3 survivors (3072K)
 Metaspace       used 63014K, capacity 64592K, committed 64640K, reserved 1105920K
  class space    used 7978K, capacity 8560K, committed 8576K, reserved 1048576K
}
Event: 9.427 GC heap after
{Heap after GC invocations=18 (full 0):
 garbage-first heap   total 143360K, used 59459K [0x0000000080000000, 0x0000000100000000)
  region size 1024K, 7 young (7168K), 7 survivors (7168K)
 Metaspace       used 63014K, capacity 64592K, committed 64640K, reserved 1105920K
  class space    used 7978K, capacity 8560K, committed 8576K, reserved 1048576K
}
Event: 10.006 GC heap before
{Heap before GC invocations=19 (full 0):
 garbage-first heap   total 143360K, used 106563K [0x0000000080000000, 0x0000000100000000)
  region size 1024K, 53 young (54272K), 7 survivors (7168K)
 Metaspace       used 65851K, capacity 67501K, committed 67584K, reserved 1107968K
  class space    used 8353K, capacity 8949K, committed 8960K, reserved 1048576K
}
Event: 10.016 GC heap after
{Heap after GC invocations=20 (full 0):
 garbage-first heap   total 143360K, used 62455K [0x0000000080000000, 0x0000000100000000)
  region size 1024K, 4 young (4096K), 4 survivors (4096K)
 Metaspace       used 65851K, capacity 67501K, committed 67584K, reserved 1107968K
  class space    used 8353K, capacity 8949K, committed 8960K, reserved 1048576K
}
Event: 10.901 GC heap before
{Heap before GC invocations=20 (full 0):
 garbage-first heap   total 143360K, used 109559K [0x0000000080000000, 0x0000000100000000)
  region size 1024K, 50 young (51200K), 4 survivors (4096K)
 Metaspace       used 69486K, capacity 71094K, committed 71296K, reserved 1112064K
  class space    used 8931K, capacity 9506K, committed 9600K, reserved 1048576K
}
Event: 10.909 GC heap after
{Heap after GC invocations=21 (full 0):
 garbage-first heap   total 143360K, used 65608K [0x0000000080000000, 0x0000000100000000)
  region size 1024K, 4 young (4096K), 4 survivors (4096K)
 Metaspace       used 69486K, capacity 71094K, committed 71296K, reserved 1112064K
  class space    used 8931K, capacity 9506K, committed 9600K, reserved 1048576K
}
Event: 11.863 GC heap before
{Heap before GC invocations=21 (full 0):
 garbage-first heap   total 143360K, used 111688K [0x0000000080000000, 0x0000000100000000)
  region size 1024K, 49 young (50176K), 4 survivors (4096K)
 Metaspace       used 73863K, capacity 75582K, committed 75776K, reserved 1114112K
  class space    used 9541K, capacity 10158K, committed 10240K, reserved 1048576K
}

