# JRE version: OpenJDK Runtime Environment (11.0.10) (build 11.0.10+0-b96-7249189)
# Java VM: OpenJDK 64-Bit Server VM (11.0.10+0-b96-7249189, mixed mode, tiered, compressed oops, g1 gc, windows-amd64)
Heap:
 garbage-first heap   total 143360K, used 67934K [0x0000000080000000, 0x0000000100000000)
  region size 1024K, 34 young (34816K), 7 survivors (7168K)
 Metaspace       used 47735K, capacity 48981K, committed 49024K, reserved 1091584K
  class space    used 6093K, capacity 6513K, committed 6528K, reserved 1048576K
GC Heap History (20 events):
Event: 0.849 GC heap before
{Heap before GC invocations=1 (full 0):
 garbage-first heap   total 98304K, used 20288K [0x0000000080000000, 0x0000000100000000)
  region size 1024K, 14 young (14336K), 2 survivors (2048K)
 Metaspace       used 10216K, capacity 10428K, committed 10624K, reserved 1058816K
  class space    used 1063K, capacity 1140K, committed 1152K, reserved 1048576K
}
Event: 0.852 GC heap after
{Heap after GC invocations=2 (full 0):
 garbage-first heap   total 98304K, used 9404K [0x0000000080000000, 0x0000000100000000)
  region size 1024K, 2 young (2048K), 2 survivors (2048K)
 Metaspace       used 10216K, capacity 10428K, committed 10624K, reserved 1058816K
  class space    used 1063K, capacity 1140K, committed 1152K, reserved 1048576K
}
Event: 1.176 GC heap before
{Heap before GC invocations=2 (full 0):
 garbage-first heap   total 98304K, used 40124K [0x0000000080000000, 0x0000000100000000)
  region size 1024K, 32 young (32768K), 2 survivors (2048K)
 Metaspace       used 11158K, capacity 11381K, committed 11520K, reserved 1058816K
  class space    used 1165K, capacity 1244K, committed 1280K, reserved 1048576K
}
Event: 1.179 GC heap after
{Heap after GC invocations=3 (full 0):
 garbage-first heap   total 98304K, used 11819K [0x0000000080000000, 0x0000000100000000)
  region size 1024K, 4 young (4096K), 4 survivors (4096K)
 Metaspace       used 11158K, capacity 11381K, committed 11520K, reserved 1058816K
  class space    used 1165K, capacity 1244K, committed 1280K, reserved 1048576K
}
Event: 2.122 GC heap before
{Heap before GC invocations=3 (full 0):
 garbage-first heap   total 98304K, used 59947K [0x0000000080000000, 0x0000000100000000)
  region size 1024K, 51 young (52224K), 4 survivors (4096K)
 Metaspace       used 18881K, capacity 19296K, committed 19328K, reserved 1067008K
  class space    used 2258K, capacity 2404K, committed 2432K, reserved 1048576K
}
Event: 2.128 GC heap after
{Heap after GC invocations=4 (full 0):
 garbage-first heap   total 98304K, used 16336K [0x0000000080000000, 0x0000000100000000)
  region size 1024K, 7 young (7168K), 7 survivors (7168K)
 Metaspace       used 18881K, capacity 19296K, committed 19328K, reserved 1067008K
  class space    used 2258K, capacity 2404K, committed 2432K, reserved 1048576K
}
Event: 2.253 GC heap before
{Heap before GC invocations=4 (full 0):
 garbage-first heap   total 98304K, used 30672K [0x0000000080000000, 0x0000000100000000)
  region size 1024K, 22 young (22528K), 7 survivors (7168K)
 Metaspace       used 20575K, capacity 21093K, committed 21248K, reserved 1067008K
  class space    used 2501K, capacity 2689K, committed 2816K, reserved 1048576K
}
Event: 2.258 GC heap after
{Heap after GC invocations=5 (full 0):
 garbage-first heap   total 118784K, used 17523K [0x0000000080000000, 0x0000000100000000)
  region size 1024K, 1 young (1024K), 1 survivors (1024K)
 Metaspace       used 20575K, capacity 21093K, committed 21248K, reserved 1067008K
  class space    used 2501K, capacity 2689K, committed 2816K, reserved 1048576K
}
Event: 2.743 GC heap before
{Heap before GC invocations=6 (full 0):
 garbage-first heap   total 118784K, used 61555K [0x0000000080000000, 0x0000000100000000)
  region size 1024K, 44 young (45056K), 1 survivors (1024K)
 Metaspace       used 25127K, capacity 25706K, committed 25856K, reserved 1071104K
  class space    used 3250K, capacity 3486K, committed 3584K, reserved 1048576K
}
Event: 2.746 GC heap after
{Heap after GC invocations=7 (full 0):
 garbage-first heap   total 118784K, used 18784K [0x0000000080000000, 0x0000000100000000)
  region size 1024K, 3 young (3072K), 3 survivors (3072K)
 Metaspace       used 25127K, capacity 25706K, committed 25856K, reserved 1071104K
  class space    used 3250K, capacity 3486K, committed 3584K, reserved 1048576K
}
Event: 3.222 GC heap before
{Heap before GC invocations=7 (full 0):
 garbage-first heap   total 118784K, used 65888K [0x0000000080000000, 0x0000000100000000)
  region size 1024K, 49 young (50176K), 3 survivors (3072K)
 Metaspace       used 29436K, capacity 30168K, committed 30336K, reserved 1075200K
  class space    used 3952K, capacity 4209K, committed 4224K, reserved 1048576K
}
Event: 3.225 GC heap after
{Heap after GC invocations=8 (full 0):
 garbage-first heap   total 118784K, used 20100K [0x0000000080000000, 0x0000000100000000)
  region size 1024K, 4 young (4096K), 4 survivors (4096K)
 Metaspace       used 29436K, capacity 30168K, committed 30336K, reserved 1075200K
  class space    used 3952K, capacity 4209K, committed 4224K, reserved 1048576K
}
Event: 3.651 GC heap before
{Heap before GC invocations=8 (full 0):
 garbage-first heap   total 118784K, used 39556K [0x0000000080000000, 0x0000000100000000)
  region size 1024K, 24 young (24576K), 4 survivors (4096K)
 Metaspace       used 35005K, capacity 35805K, committed 35840K, reserved 1081344K
  class space    used 4538K, capacity 4833K, committed 4864K, reserved 1048576K
}
Event: 3.658 GC heap after
{Heap after GC invocations=9 (full 0):
 garbage-first heap   total 118784K, used 23223K [0x0000000080000000, 0x0000000100000000)
  region size 1024K, 7 young (7168K), 7 survivors (7168K)
 Metaspace       used 35005K, capacity 35805K, committed 35840K, reserved 1081344K
  class space    used 4538K, capacity 4833K, committed 4864K, reserved 1048576K
}
Event: 4.133 GC heap before
{Heap before GC invocations=10 (full 0):
 garbage-first heap   total 118784K, used 76471K [0x0000000080000000, 0x0000000100000000)
  region size 1024K, 56 young (57344K), 7 survivors (7168K)
 Metaspace       used 38735K, capacity 39702K, committed 39936K, reserved 1083392K
  class space    used 4931K, capacity 5252K, committed 5376K, reserved 1048576K
}
Event: 4.142 GC heap after
{Heap after GC invocations=11 (full 0):
 garbage-first heap   total 118784K, used 27568K [0x0000000080000000, 0x0000000100000000)
  region size 1024K, 7 young (7168K), 7 survivors (7168K)
 Metaspace       used 38735K, capacity 39702K, committed 39936K, reserved 1083392K
  class space    used 4931K, capacity 5252K, committed 5376K, reserved 1048576K
}
Event: 4.715 GC heap before
{Heap before GC invocations=11 (full 0):
 garbage-first heap   total 118784K, used 80816K [0x0000000080000000, 0x0000000100000000)
  region size 1024K, 59 young (60416K), 7 survivors (7168K)
 Metaspace       used 43594K, capacity 44632K, committed 44928K, reserved 1087488K
  class space    used 5566K, capacity 5930K, committed 6016K, reserved 1048576K
}
Event: 4.722 GC heap after
{Heap after GC invocations=12 (full 0):
 garbage-first heap   total 118784K, used 29496K [0x0000000080000000, 0x0000000100000000)
  region size 1024K, 7 young (7168K), 7 survivors (7168K)
 Metaspace       used 43594K, capacity 44632K, committed 44928K, reserved 1087488K
  class space    used 5566K, capacity 5930K, committed 6016K, reserved 1048576K
}
Event: 5.430 GC heap before
{Heap before GC invocations=12 (full 0):
 garbage-first heap   total 118784K, used 83768K [0x0000000080000000, 0x0000000100000000)
  region size 1024K, 60 young (61440K), 7 survivors (7168K)
 Metaspace       used 46913K, capacity 48171K, committed 48512K, reserved 1091584K
  class space    used 5994K, capacity 6425K, committed 6528K, reserved 1048576K
}
Event: 5.440 GC heap after
{Heap after GC invocations=13 (full 0):
 garbage-first heap   total 143360K, used 34142K [0x0000000080000000, 0x0000000100000000)
  region size 1024K, 7 young (7168K), 7 survivors (7168K)
 Metaspace       used 46913K, capacity 48171K, committed 48512K, reserved 1091584K
  class space    used 5994K, capacity 6425K, committed 6528K, reserved 1048576K
}

