# JRE version: OpenJDK Runtime Environment (11.0.11+9) (build 11.0.11+9-b60-7590822)
# Java VM: OpenJDK 64-Bit Server VM (11.0.11+9-b60-7590822, mixed mode, tiered, compressed oops, g1 gc, windows-amd64)
Heap:
 garbage-first heap   total 855040K, used 259072K [0x0000000080000000, 0x0000000100000000)
  region size 1024K, 4 young (4096K), 4 survivors (4096K)
 Metaspace       used 117687K, capacity 120316K, committed 120440K, reserved 1155072K
  class space    used 14668K, capacity 15671K, committed 15736K, reserved 1048576K
GC Heap History (20 events):
Event: 288.591 GC heap after
{Heap after GC invocations=84 (full 0):
 garbage-first heap   total 287744K, used 214780K [0x0000000080000000, 0x0000000100000000)
  region size 1024K, 2 young (2048K), 2 survivors (2048K)
 Metaspace       used 115324K, capacity 117840K, committed 118136K, reserved 1153024K
  class space    used 14171K, capacity 15121K, committed 15224K, reserved 1048576K
}
Event: 288.646 GC heap before
{Heap before GC invocations=84 (full 0):
 garbage-first heap   total 287744K, used 269052K [0x0000000080000000, 0x0000000100000000)
  region size 1024K, 21 young (21504K), 2 survivors (2048K)
 Metaspace       used 115499K, capacity 118015K, committed 118136K, reserved 1153024K
  class space    used 14194K, capacity 15158K, committed 15224K, reserved 1048576K
}
Event: 288.648 GC heap after
{Heap after GC invocations=85 (full 0):
 garbage-first heap   total 287744K, used 242801K [0x0000000080000000, 0x0000000100000000)
  region size 1024K, 3 young (3072K), 3 survivors (3072K)
 Metaspace       used 115499K, capacity 118015K, committed 118136K, reserved 1153024K
  class space    used 14194K, capacity 15158K, committed 15224K, reserved 1048576K
}
Event: 288.722 GC heap before
{Heap before GC invocations=85 (full 0):
 garbage-first heap   total 287744K, used 253041K [0x0000000080000000, 0x0000000100000000)
  region size 1024K, 14 young (14336K), 3 survivors (3072K)
 Metaspace       used 115627K, capacity 118153K, committed 118392K, reserved 1153024K
  class space    used 14203K, capacity 15161K, committed 15224K, reserved 1048576K
}
Event: 288.728 GC heap after
{Heap after GC invocations=86 (full 0):
 garbage-first heap   total 287744K, used 247216K [0x0000000080000000, 0x0000000100000000)
  region size 1024K, 2 young (2048K), 2 survivors (2048K)
 Metaspace       used 115627K, capacity 118153K, committed 118392K, reserved 1153024K
  class space    used 14203K, capacity 15161K, committed 15224K, reserved 1048576K
}
Event: 288.770 GC heap before
{Heap before GC invocations=86 (full 0):
 garbage-first heap   total 287744K, used 258480K [0x0000000080000000, 0x0000000100000000)
  region size 1024K, 14 young (14336K), 2 survivors (2048K)
 Metaspace       used 115627K, capacity 118153K, committed 118392K, reserved 1153024K
  class space    used 14203K, capacity 15161K, committed 15224K, reserved 1048576K
}
Event: 288.780 GC heap after
{Heap after GC invocations=87 (full 0):
 garbage-first heap   total 287744K, used 253192K [0x0000000080000000, 0x0000000100000000)
  region size 1024K, 2 young (2048K), 2 survivors (2048K)
 Metaspace       used 115627K, capacity 118153K, committed 118392K, reserved 1153024K
  class space    used 14203K, capacity 15161K, committed 15224K, reserved 1048576K
}
Event: 288.836 GC heap before
{Heap before GC invocations=87 (full 0):
 garbage-first heap   total 287744K, used 243976K [0x0000000080000000, 0x0000000100000000)
  region size 1024K, 14 young (14336K), 2 survivors (2048K)
 Metaspace       used 115628K, capacity 118153K, committed 118392K, reserved 1153024K
  class space    used 14203K, capacity 15161K, committed 15224K, reserved 1048576K
}
Event: 288.847 GC heap after
{Heap after GC invocations=88 (full 0):
 garbage-first heap   total 287744K, used 237869K [0x0000000080000000, 0x0000000100000000)
  region size 1024K, 2 young (2048K), 2 survivors (2048K)
 Metaspace       used 115628K, capacity 118153K, committed 118392K, reserved 1153024K
  class space    used 14203K, capacity 15161K, committed 15224K, reserved 1048576K
}
Event: 288.895 GC heap before
{Heap before GC invocations=88 (full 0):
 garbage-first heap   total 287744K, used 250157K [0x0000000080000000, 0x0000000100000000)
  region size 1024K, 14 young (14336K), 2 survivors (2048K)
 Metaspace       used 115628K, capacity 118153K, committed 118392K, reserved 1153024K
  class space    used 14203K, capacity 15161K, committed 15224K, reserved 1048576K
}
Event: 288.908 GC heap after
{Heap after GC invocations=89 (full 0):
 garbage-first heap   total 287744K, used 244126K [0x0000000080000000, 0x0000000100000000)
  region size 1024K, 2 young (2048K), 2 survivors (2048K)
 Metaspace       used 115628K, capacity 118153K, committed 118392K, reserved 1153024K
  class space    used 14203K, capacity 15161K, committed 15224K, reserved 1048576K
}
Event: 288.956 GC heap before
{Heap before GC invocations=90 (full 0):
 garbage-first heap   total 287744K, used 256414K [0x0000000080000000, 0x0000000100000000)
  region size 1024K, 14 young (14336K), 2 survivors (2048K)
 Metaspace       used 115628K, capacity 118153K, committed 118392K, reserved 1153024K
  class space    used 14203K, capacity 15161K, committed 15224K, reserved 1048576K
}
Event: 288.969 GC heap after
{Heap after GC invocations=91 (full 0):
 garbage-first heap   total 346112K, used 248521K [0x0000000080000000, 0x0000000100000000)
  region size 1024K, 2 young (2048K), 2 survivors (2048K)
 Metaspace       used 115628K, capacity 118153K, committed 118392K, reserved 1153024K
  class space    used 14203K, capacity 15161K, committed 15224K, reserved 1048576K
}
Event: 289.059 GC heap before
{Heap before GC invocations=91 (full 0):
 garbage-first heap   total 346112K, used 263881K [0x0000000080000000, 0x0000000100000000)
  region size 1024K, 16 young (16384K), 2 survivors (2048K)
 Metaspace       used 115628K, capacity 118153K, committed 118392K, reserved 1153024K
  class space    used 14203K, capacity 15161K, committed 15224K, reserved 1048576K
}
Event: 289.077 GC heap after
{Heap after GC invocations=92 (full 0):
 garbage-first heap   total 346112K, used 238785K [0x0000000080000000, 0x0000000100000000)
  region size 1024K, 2 young (2048K), 2 survivors (2048K)
 Metaspace       used 115628K, capacity 118153K, committed 118392K, reserved 1153024K
  class space    used 14203K, capacity 15161K, committed 15224K, reserved 1048576K
}
Event: 289.086 GC heap before
{Heap before GC invocations=92 (full 0):
 garbage-first heap   total 346112K, used 240833K [0x0000000080000000, 0x0000000100000000)
  region size 1024K, 5 young (5120K), 2 survivors (2048K)
 Metaspace       used 115628K, capacity 118153K, committed 118392K, reserved 1153024K
  class space    used 14203K, capacity 15161K, committed 15224K, reserved 1048576K
}
Event: 289.095 GC heap after
{Heap after GC invocations=93 (full 0):
 garbage-first heap   total 346112K, used 240340K [0x0000000080000000, 0x0000000100000000)
  region size 1024K, 4 young (4096K), 4 survivors (4096K)
 Metaspace       used 115628K, capacity 118153K, committed 118392K, reserved 1153024K
  class space    used 14203K, capacity 15161K, committed 15224K, reserved 1048576K
}
Event: 289.290 GC heap before
{Heap before GC invocations=93 (full 0):
 garbage-first heap   total 346112K, used 266964K [0x0000000080000000, 0x0000000100000000)
  region size 1024K, 28 young (28672K), 4 survivors (4096K)
 Metaspace       used 115628K, capacity 118153K, committed 118392K, reserved 1153024K
  class space    used 14203K, capacity 15161K, committed 15224K, reserved 1048576K
}
Event: 289.344 GC heap after
{Heap after GC invocations=94 (full 0):
 garbage-first heap   total 346112K, used 252641K [0x0000000080000000, 0x0000000100000000)
  region size 1024K, 4 young (4096K), 4 survivors (4096K)
 Metaspace       used 115628K, capacity 118153K, committed 118392K, reserved 1153024K
  class space    used 14203K, capacity 15161K, committed 15224K, reserved 1048576K
}
Event: 289.631 GC heap before
{Heap before GC invocations=95 (full 0):
 garbage-first heap   total 346112K, used 273121K [0x0000000080000000, 0x0000000100000000)
  region size 1024K, 26 young (26624K), 4 survivors (4096K)
 Metaspace       used 117687K, capacity 120316K, committed 120440K, reserved 1155072K
  class space    used 14668K, capacity 15671K, committed 15736K, reserved 1048576K
}

