# JRE version: OpenJDK Runtime Environment (11.0.10) (build 11.0.10+0-b96-7249189)
# Java VM: OpenJDK 64-Bit Server VM (11.0.10+0-b96-7249189, mixed mode, tiered, compressed oops, g1 gc, windows-amd64)
Heap:
 garbage-first heap   total 773120K, used 171606K [0x0000000080000000, 0x0000000100000000)
  region size 1024K, 3 young (3072K), 3 survivors (3072K)
 Metaspace       used 158587K, capacity 163996K, committed 172032K, reserved 1200128K
  class space    used 18875K, capacity 20787K, committed 22016K, reserved 1048576K
GC Heap History (20 events):
Event: 6345.564 GC heap after
{Heap after GC invocations=261 (full 0):
 garbage-first heap   total 368640K, used 177281K [0x0000000080000000, 0x0000000100000000)
  region size 1024K, 10 young (10240K), 10 survivors (10240K)
 Metaspace       used 158441K, capacity 163829K, committed 172032K, reserved 1200128K
  class space    used 18868K, capacity 20776K, committed 22016K, reserved 1048576K
}
Event: 6346.400 GC heap before
{Heap before GC invocations=261 (full 0):
 garbage-first heap   total 368640K, used 308353K [0x0000000080000000, 0x0000000100000000)
  region size 1024K, 139 young (142336K), 10 survivors (10240K)
 Metaspace       used 158460K, capacity 163896K, committed 172032K, reserved 1200128K
  class space    used 18868K, capacity 20777K, committed 22016K, reserved 1048576K
}
Event: 6346.429 GC heap after
{Heap after GC invocations=262 (full 0):
 garbage-first heap   total 368640K, used 178761K [0x0000000080000000, 0x0000000100000000)
  region size 1024K, 11 young (11264K), 11 survivors (11264K)
 Metaspace       used 158460K, capacity 163896K, committed 172032K, reserved 1200128K
  class space    used 18868K, capacity 20777K, committed 22016K, reserved 1048576K
}
Event: 6346.846 GC heap before
{Heap before GC invocations=263 (full 0):
 garbage-first heap   total 368640K, used 311881K [0x0000000080000000, 0x0000000100000000)
  region size 1024K, 141 young (144384K), 11 survivors (11264K)
 Metaspace       used 158470K, capacity 163899K, committed 172032K, reserved 1200128K
  class space    used 18869K, capacity 20778K, committed 22016K, reserved 1048576K
}
Event: 6346.885 GC heap after
{Heap after GC invocations=264 (full 0):
 garbage-first heap   total 441344K, used 179601K [0x0000000080000000, 0x0000000100000000)
  region size 1024K, 11 young (11264K), 11 survivors (11264K)
 Metaspace       used 158470K, capacity 163899K, committed 172032K, reserved 1200128K
  class space    used 18869K, capacity 20778K, committed 22016K, reserved 1048576K
}
Event: 6346.901 GC heap before
{Heap before GC invocations=264 (full 0):
 garbage-first heap   total 441344K, used 188817K [0x0000000080000000, 0x0000000100000000)
  region size 1024K, 21 young (21504K), 11 survivors (11264K)
 Metaspace       used 158472K, capacity 163899K, committed 172032K, reserved 1200128K
  class space    used 18869K, capacity 20778K, committed 22016K, reserved 1048576K
}
Event: 6346.970 GC heap after
{Heap after GC invocations=265 (full 0):
 garbage-first heap   total 441344K, used 173131K [0x0000000080000000, 0x0000000100000000)
  region size 1024K, 3 young (3072K), 3 survivors (3072K)
 Metaspace       used 158472K, capacity 163899K, committed 172032K, reserved 1200128K
  class space    used 18869K, capacity 20778K, committed 22016K, reserved 1048576K
}
Event: 6347.435 GC heap before
{Heap before GC invocations=265 (full 0):
 garbage-first heap   total 441344K, used 347211K [0x0000000080000000, 0x0000000100000000)
  region size 1024K, 173 young (177152K), 3 survivors (3072K)
 Metaspace       used 158483K, capacity 163899K, committed 172032K, reserved 1200128K
  class space    used 18869K, capacity 20778K, committed 22016K, reserved 1048576K
}
Event: 6347.444 GC heap after
{Heap after GC invocations=266 (full 0):
 garbage-first heap   total 441344K, used 174335K [0x0000000080000000, 0x0000000100000000)
  region size 1024K, 4 young (4096K), 4 survivors (4096K)
 Metaspace       used 158483K, capacity 163899K, committed 172032K, reserved 1200128K
  class space    used 18869K, capacity 20778K, committed 22016K, reserved 1048576K
}
Event: 6348.544 GC heap before
{Heap before GC invocations=266 (full 0):
 garbage-first heap   total 441344K, used 376063K [0x0000000080000000, 0x0000000100000000)
  region size 1024K, 201 young (205824K), 4 survivors (4096K)
 Metaspace       used 158503K, capacity 163902K, committed 172032K, reserved 1200128K
  class space    used 18869K, capacity 20778K, committed 22016K, reserved 1048576K
}
Event: 6348.552 GC heap after
{Heap after GC invocations=267 (full 0):
 garbage-first heap   total 441344K, used 176387K [0x0000000080000000, 0x0000000100000000)
  region size 1024K, 6 young (6144K), 6 survivors (6144K)
 Metaspace       used 158503K, capacity 163902K, committed 172032K, reserved 1200128K
  class space    used 18869K, capacity 20778K, committed 22016K, reserved 1048576K
}
Event: 6349.172 GC heap before
{Heap before GC invocations=267 (full 0):
 garbage-first heap   total 441344K, used 378115K [0x0000000080000000, 0x0000000100000000)
  region size 1024K, 203 young (207872K), 6 survivors (6144K)
 Metaspace       used 158534K, capacity 163976K, committed 172032K, reserved 1200128K
  class space    used 18871K, capacity 20781K, committed 22016K, reserved 1048576K
}
Event: 6349.212 GC heap after
{Heap after GC invocations=268 (full 0):
 garbage-first heap   total 441344K, used 180061K [0x0000000080000000, 0x0000000100000000)
  region size 1024K, 10 young (10240K), 10 survivors (10240K)
 Metaspace       used 158534K, capacity 163976K, committed 172032K, reserved 1200128K
  class space    used 18871K, capacity 20781K, committed 22016K, reserved 1048576K
}
Event: 6350.441 GC heap before
{Heap before GC invocations=268 (full 0):
 garbage-first heap   total 441344K, used 379741K [0x0000000080000000, 0x0000000100000000)
  region size 1024K, 205 young (209920K), 10 survivors (10240K)
 Metaspace       used 158556K, capacity 163979K, committed 172032K, reserved 1200128K
  class space    used 18871K, capacity 20781K, committed 22016K, reserved 1048576K
}
Event: 6350.452 GC heap after
{Heap after GC invocations=269 (full 0):
 garbage-first heap   total 441344K, used 177469K [0x0000000080000000, 0x0000000100000000)
  region size 1024K, 7 young (7168K), 7 survivors (7168K)
 Metaspace       used 158556K, capacity 163979K, committed 172032K, reserved 1200128K
  class space    used 18871K, capacity 20781K, committed 22016K, reserved 1048576K
}
Event: 6351.069 GC heap before
{Heap before GC invocations=270 (full 0):
 garbage-first heap   total 441344K, used 379197K [0x0000000080000000, 0x0000000100000000)
  region size 1024K, 204 young (208896K), 7 survivors (7168K)
 Metaspace       used 158562K, capacity 163979K, committed 172032K, reserved 1200128K
  class space    used 18871K, capacity 20781K, committed 22016K, reserved 1048576K
}
Event: 6351.085 GC heap after
{Heap after GC invocations=271 (full 0):
 garbage-first heap   total 441344K, used 185895K [0x0000000080000000, 0x0000000100000000)
  region size 1024K, 15 young (15360K), 15 survivors (15360K)
 Metaspace       used 158562K, capacity 163979K, committed 172032K, reserved 1200128K
  class space    used 18871K, capacity 20781K, committed 22016K, reserved 1048576K
}
Event: 6351.098 GC heap before
{Heap before GC invocations=271 (full 0):
 garbage-first heap   total 441344K, used 192039K [0x0000000080000000, 0x0000000100000000)
  region size 1024K, 21 young (21504K), 15 survivors (15360K)
 Metaspace       used 158562K, capacity 163979K, committed 172032K, reserved 1200128K
  class space    used 18871K, capacity 20781K, committed 22016K, reserved 1048576K
}
Event: 6351.468 GC heap after
{Heap after GC invocations=272 (full 0):
 garbage-first heap   total 441344K, used 170977K [0x0000000080000000, 0x0000000100000000)
  region size 1024K, 2 young (2048K), 2 survivors (2048K)
 Metaspace       used 158562K, capacity 163979K, committed 172032K, reserved 1200128K
  class space    used 18871K, capacity 20781K, committed 22016K, reserved 1048576K
}
Event: 6351.910 GC heap before
{Heap before GC invocations=272 (full 0):
 garbage-first heap   total 441344K, used 375777K [0x0000000080000000, 0x0000000100000000)
  region size 1024K, 201 young (205824K), 2 survivors (2048K)
 Metaspace       used 158587K, capacity 163996K, committed 172032K, reserved 1200128K
  class space    used 18875K, capacity 20787K, committed 22016K, reserved 1048576K
}

