# JRE version: OpenJDK Runtime Environment (11.0.11+9) (build 11.0.11+9-b60-7590822)
# Java VM: OpenJDK 64-Bit Server VM (11.0.11+9-b60-7590822, mixed mode, tiered, compressed oops, g1 gc, windows-amd64)
Heap:
 garbage-first heap   total 467968K, used 266609K [0x0000000080000000, 0x0000000100000000)
  region size 1024K, 20 young (20480K), 3 survivors (3072K)
 Metaspace       used 100888K, capacity 103263K, committed 103544K, reserved 1138688K
  class space    used 13120K, capacity 14059K, committed 14200K, reserved 1048576K
GC Heap History (20 events):
Event: 19.633 GC heap before
{Heap before GC invocations=33 (full 0):
 garbage-first heap   total 239616K, used 204431K [0x0000000080000000, 0x0000000100000000)
  region size 1024K, 76 young (77824K), 12 survivors (12288K)
 Metaspace       used 96895K, capacity 99220K, committed 99448K, reserved 1134592K
  class space    used 12417K, capacity 13335K, committed 13432K, reserved 1048576K
}
Event: 19.648 GC heap after
{Heap after GC invocations=34 (full 0):
 garbage-first heap   total 239616K, used 148113K [0x0000000080000000, 0x0000000100000000)
  region size 1024K, 10 young (10240K), 10 survivors (10240K)
 Metaspace       used 96895K, capacity 99220K, committed 99448K, reserved 1134592K
  class space    used 12417K, capacity 13335K, committed 13432K, reserved 1048576K
}
Event: 19.742 GC heap before
{Heap before GC invocations=34 (full 0):
 garbage-first heap   total 239616K, used 156305K [0x0000000080000000, 0x0000000100000000)
  region size 1024K, 20 young (20480K), 10 survivors (10240K)
 Metaspace       used 97767K, capacity 100166K, committed 100344K, reserved 1136640K
  class space    used 12557K, capacity 13483K, committed 13560K, reserved 1048576K
}
Event: 19.749 GC heap after
{Heap after GC invocations=35 (full 0):
 garbage-first heap   total 239616K, used 150027K [0x0000000080000000, 0x0000000100000000)
  region size 1024K, 2 young (2048K), 2 survivors (2048K)
 Metaspace       used 97767K, capacity 100166K, committed 100344K, reserved 1136640K
  class space    used 12557K, capacity 13483K, committed 13560K, reserved 1048576K
}
Event: 20.092 GC heap before
{Heap before GC invocations=36 (full 0):
 garbage-first heap   total 239616K, used 238091K [0x0000000080000000, 0x0000000100000000)
  region size 1024K, 41 young (41984K), 2 survivors (2048K)
 Metaspace       used 98133K, capacity 100483K, committed 100600K, reserved 1136640K
  class space    used 12592K, capacity 13494K, committed 13560K, reserved 1048576K
}
Event: 20.107 GC heap after
{Heap after GC invocations=37 (full 0):
 garbage-first heap   total 258048K, used 191039K [0x0000000080000000, 0x0000000100000000)
  region size 1024K, 7 young (7168K), 7 survivors (7168K)
 Metaspace       used 98133K, capacity 100483K, committed 100600K, reserved 1136640K
  class space    used 12592K, capacity 13494K, committed 13560K, reserved 1048576K
}
Event: 20.178 GC heap before
{Heap before GC invocations=37 (full 0):
 garbage-first heap   total 258048K, used 206399K [0x0000000080000000, 0x0000000100000000)
  region size 1024K, 23 young (23552K), 7 survivors (7168K)
 Metaspace       used 98503K, capacity 100900K, committed 101240K, reserved 1136640K
  class space    used 12638K, capacity 13570K, committed 13688K, reserved 1048576K
}
Event: 20.191 GC heap after
{Heap after GC invocations=38 (full 0):
 garbage-first heap   total 258048K, used 197632K [0x0000000080000000, 0x0000000100000000)
  region size 1024K, 4 young (4096K), 4 survivors (4096K)
 Metaspace       used 98503K, capacity 100900K, committed 101240K, reserved 1136640K
  class space    used 12638K, capacity 13570K, committed 13688K, reserved 1048576K
}
Event: 20.321 GC heap before
{Heap before GC invocations=38 (full 0):
 garbage-first heap   total 258048K, used 218112K [0x0000000080000000, 0x0000000100000000)
  region size 1024K, 22 young (22528K), 4 survivors (4096K)
 Metaspace       used 98506K, capacity 100900K, committed 101240K, reserved 1136640K
  class space    used 12639K, capacity 13570K, committed 13688K, reserved 1048576K
}
Event: 20.339 GC heap after
{Heap after GC invocations=39 (full 0):
 garbage-first heap   total 258048K, used 207748K [0x0000000080000000, 0x0000000100000000)
  region size 1024K, 3 young (3072K), 3 survivors (3072K)
 Metaspace       used 98506K, capacity 100900K, committed 101240K, reserved 1136640K
  class space    used 12639K, capacity 13570K, committed 13688K, reserved 1048576K
}
Event: 20.451 GC heap before
{Heap before GC invocations=39 (full 0):
 garbage-first heap   total 258048K, used 220036K [0x0000000080000000, 0x0000000100000000)
  region size 1024K, 15 young (15360K), 3 survivors (3072K)
 Metaspace       used 98506K, capacity 100900K, committed 101240K, reserved 1136640K
  class space    used 12639K, capacity 13570K, committed 13688K, reserved 1048576K
}
Event: 20.471 GC heap after
{Heap after GC invocations=40 (full 0):
 garbage-first heap   total 310272K, used 212747K [0x0000000080000000, 0x0000000100000000)
  region size 1024K, 2 young (2048K), 2 survivors (2048K)
 Metaspace       used 98506K, capacity 100900K, committed 101240K, reserved 1136640K
  class space    used 12639K, capacity 13570K, committed 13688K, reserved 1048576K
}
Event: 20.532 GC heap before
{Heap before GC invocations=41 (full 0):
 garbage-first heap   total 310272K, used 227083K [0x0000000080000000, 0x0000000100000000)
  region size 1024K, 16 young (16384K), 2 survivors (2048K)
 Metaspace       used 98506K, capacity 100900K, committed 101240K, reserved 1136640K
  class space    used 12639K, capacity 13570K, committed 13688K, reserved 1048576K
}
Event: 20.547 GC heap after
{Heap after GC invocations=42 (full 0):
 garbage-first heap   total 310272K, used 220731K [0x0000000080000000, 0x0000000100000000)
  region size 1024K, 4 young (4096K), 4 survivors (4096K)
 Metaspace       used 98506K, capacity 100900K, committed 101240K, reserved 1136640K
  class space    used 12639K, capacity 13570K, committed 13688K, reserved 1048576K
}
Event: 20.658 GC heap before
{Heap before GC invocations=42 (full 0):
 garbage-first heap   total 310272K, used 247355K [0x0000000080000000, 0x0000000100000000)
  region size 1024K, 28 young (28672K), 4 survivors (4096K)
 Metaspace       used 98510K, capacity 100900K, committed 101240K, reserved 1136640K
  class space    used 12639K, capacity 13570K, committed 13688K, reserved 1048576K
}
Event: 20.682 GC heap after
{Heap after GC invocations=43 (full 0):
 garbage-first heap   total 310272K, used 234359K [0x0000000080000000, 0x0000000100000000)
  region size 1024K, 4 young (4096K), 4 survivors (4096K)
 Metaspace       used 98510K, capacity 100900K, committed 101240K, reserved 1136640K
  class space    used 12639K, capacity 13570K, committed 13688K, reserved 1048576K
}
Event: 21.046 GC heap before
{Heap before GC invocations=44 (full 0):
 garbage-first heap   total 310272K, used 252791K [0x0000000080000000, 0x0000000100000000)
  region size 1024K, 24 young (24576K), 4 survivors (4096K)
 Metaspace       used 100722K, capacity 103125K, committed 103288K, reserved 1138688K
  class space    used 13118K, capacity 14059K, committed 14200K, reserved 1048576K
}
Event: 21.067 GC heap after
{Heap after GC invocations=45 (full 0):
 garbage-first heap   total 310272K, used 240419K [0x0000000080000000, 0x0000000100000000)
  region size 1024K, 3 young (3072K), 3 survivors (3072K)
 Metaspace       used 100722K, capacity 103125K, committed 103288K, reserved 1138688K
  class space    used 13118K, capacity 14059K, committed 14200K, reserved 1048576K
}
Event: 21.191 GC heap before
{Heap before GC invocations=45 (full 0):
 garbage-first heap   total 310272K, used 258851K [0x0000000080000000, 0x0000000100000000)
  region size 1024K, 21 young (21504K), 3 survivors (3072K)
 Metaspace       used 100874K, capacity 103263K, committed 103544K, reserved 1138688K
  class space    used 13120K, capacity 14059K, committed 14200K, reserved 1048576K
}
Event: 21.209 GC heap after
{Heap after GC invocations=46 (full 0):
 garbage-first heap   total 467968K, used 250225K [0x0000000080000000, 0x0000000100000000)
  region size 1024K, 3 young (3072K), 3 survivors (3072K)
 Metaspace       used 100874K, capacity 103263K, committed 103544K, reserved 1138688K
  class space    used 13120K, capacity 14059K, committed 14200K, reserved 1048576K
}

