# JRE version: OpenJDK Runtime Environment (11.0.10) (build 11.0.10+0-b96-7249189)
# Java VM: OpenJDK 64-Bit Server VM (11.0.10+0-b96-7249189, mixed mode, tiered, compressed oops, g1 gc, windows-amd64)
Heap:
 garbage-first heap   total 684032K, used 284672K [0x0000000080000000, 0x0000000100000000)
  region size 1024K, 3 young (3072K), 3 survivors (3072K)
 Metaspace       used 133276K, capacity 136547K, committed 136696K, reserved 1167360K
  class space    used 16670K, capacity 17906K, committed 17996K, reserved 1048576K
GC Heap History (20 events):
Event: 54.651 GC heap after
{Heap after GC invocations=92 (full 0):
 garbage-first heap   total 262144K, used 207081K [0x0000000080000000, 0x0000000100000000)
  region size 1024K, 5 young (5120K), 5 survivors (5120K)
 Metaspace       used 132454K, capacity 135683K, committed 136184K, reserved 1167360K
  class space    used 16596K, capacity 17812K, committed 17996K, reserved 1048576K
}
Event: 54.701 GC heap before
{Heap before GC invocations=92 (full 0):
 garbage-first heap   total 262144K, used 221417K [0x0000000080000000, 0x0000000100000000)
  region size 1024K, 19 young (19456K), 5 survivors (5120K)
 Metaspace       used 132515K, capacity 135779K, committed 136184K, reserved 1167360K
  class space    used 16600K, capacity 17844K, committed 17996K, reserved 1048576K
}
Event: 54.718 GC heap after
{Heap after GC invocations=93 (full 0):
 garbage-first heap   total 262144K, used 212744K [0x0000000080000000, 0x0000000100000000)
  region size 1024K, 3 young (3072K), 3 survivors (3072K)
 Metaspace       used 132515K, capacity 135779K, committed 136184K, reserved 1167360K
  class space    used 16600K, capacity 17844K, committed 17996K, reserved 1048576K
}
Event: 54.879 GC heap before
{Heap before GC invocations=93 (full 0):
 garbage-first heap   total 262144K, used 224008K [0x0000000080000000, 0x0000000100000000)
  region size 1024K, 14 young (14336K), 3 survivors (3072K)
 Metaspace       used 132546K, capacity 135779K, committed 136184K, reserved 1167360K
  class space    used 16600K, capacity 17844K, committed 17996K, reserved 1048576K
}
Event: 54.888 GC heap after
{Heap after GC invocations=94 (full 0):
 garbage-first heap   total 262144K, used 218081K [0x0000000080000000, 0x0000000100000000)
  region size 1024K, 2 young (2048K), 2 survivors (2048K)
 Metaspace       used 132546K, capacity 135779K, committed 136184K, reserved 1167360K
  class space    used 16600K, capacity 17844K, committed 17996K, reserved 1048576K
}
Event: 55.005 GC heap before
{Heap before GC invocations=94 (full 0):
 garbage-first heap   total 262144K, used 227297K [0x0000000080000000, 0x0000000100000000)
  region size 1024K, 12 young (12288K), 2 survivors (2048K)
 Metaspace       used 132565K, capacity 135779K, committed 136184K, reserved 1167360K
  class space    used 16600K, capacity 17844K, committed 17996K, reserved 1048576K
}
Event: 55.014 GC heap after
{Heap after GC invocations=95 (full 0):
 garbage-first heap   total 262144K, used 219509K [0x0000000080000000, 0x0000000100000000)
  region size 1024K, 2 young (2048K), 2 survivors (2048K)
 Metaspace       used 132565K, capacity 135779K, committed 136184K, reserved 1167360K
  class space    used 16600K, capacity 17844K, committed 17996K, reserved 1048576K
}
Event: 55.063 GC heap before
{Heap before GC invocations=95 (full 0):
 garbage-first heap   total 262144K, used 230773K [0x0000000080000000, 0x0000000100000000)
  region size 1024K, 12 young (12288K), 2 survivors (2048K)
 Metaspace       used 132570K, capacity 135843K, committed 136184K, reserved 1167360K
  class space    used 16600K, capacity 17844K, committed 17996K, reserved 1048576K
}
Event: 55.070 GC heap after
{Heap after GC invocations=96 (full 0):
 garbage-first heap   total 262144K, used 222378K [0x0000000080000000, 0x0000000100000000)
  region size 1024K, 2 young (2048K), 2 survivors (2048K)
 Metaspace       used 132570K, capacity 135843K, committed 136184K, reserved 1167360K
  class space    used 16600K, capacity 17844K, committed 17996K, reserved 1048576K
}
Event: 55.189 GC heap before
{Heap before GC invocations=97 (full 0):
 garbage-first heap   total 262144K, used 232618K [0x0000000080000000, 0x0000000100000000)
  region size 1024K, 12 young (12288K), 2 survivors (2048K)
 Metaspace       used 132594K, capacity 135843K, committed 136184K, reserved 1167360K
  class space    used 16600K, capacity 17844K, committed 17996K, reserved 1048576K
}
Event: 55.200 GC heap after
{Heap after GC invocations=98 (full 0):
 garbage-first heap   total 262144K, used 225352K [0x0000000080000000, 0x0000000100000000)
  region size 1024K, 2 young (2048K), 2 survivors (2048K)
 Metaspace       used 132594K, capacity 135843K, committed 136184K, reserved 1167360K
  class space    used 16600K, capacity 17844K, committed 17996K, reserved 1048576K
}
Event: 55.219 GC heap before
{Heap before GC invocations=98 (full 0):
 garbage-first heap   total 262144K, used 234568K [0x0000000080000000, 0x0000000100000000)
  region size 1024K, 12 young (12288K), 2 survivors (2048K)
 Metaspace       used 132599K, capacity 135843K, committed 136184K, reserved 1167360K
  class space    used 16600K, capacity 17844K, committed 17996K, reserved 1048576K
}
Event: 55.230 GC heap after
{Heap after GC invocations=99 (full 0):
 garbage-first heap   total 349184K, used 221480K [0x0000000080000000, 0x0000000100000000)
  region size 1024K, 2 young (2048K), 2 survivors (2048K)
 Metaspace       used 132599K, capacity 135843K, committed 136184K, reserved 1167360K
  class space    used 16600K, capacity 17844K, committed 17996K, reserved 1048576K
}
Event: 55.507 GC heap before
{Heap before GC invocations=99 (full 0):
 garbage-first heap   total 349184K, used 272680K [0x0000000080000000, 0x0000000100000000)
  region size 1024K, 49 young (50176K), 2 survivors (2048K)
 Metaspace       used 132657K, capacity 135908K, committed 136184K, reserved 1167360K
  class space    used 16605K, capacity 17844K, committed 17996K, reserved 1048576K
}
Event: 55.543 GC heap after
{Heap after GC invocations=100 (full 0):
 garbage-first heap   total 349184K, used 242688K [0x0000000080000000, 0x0000000100000000)
  region size 1024K, 7 young (7168K), 7 survivors (7168K)
 Metaspace       used 132657K, capacity 135908K, committed 136184K, reserved 1167360K
  class space    used 16605K, capacity 17844K, committed 17996K, reserved 1048576K
}
Event: 55.852 GC heap before
{Heap before GC invocations=100 (full 0):
 garbage-first heap   total 349184K, used 279552K [0x0000000080000000, 0x0000000100000000)
  region size 1024K, 43 young (44032K), 7 survivors (7168K)
 Metaspace       used 133081K, capacity 136257K, committed 136440K, reserved 1167360K
  class space    used 16644K, capacity 17874K, committed 17996K, reserved 1048576K
}
Event: 55.879 GC heap after
{Heap after GC invocations=101 (full 0):
 garbage-first heap   total 349184K, used 260533K [0x0000000080000000, 0x0000000100000000)
  region size 1024K, 6 young (6144K), 6 survivors (6144K)
 Metaspace       used 133081K, capacity 136257K, committed 136440K, reserved 1167360K
  class space    used 16644K, capacity 17874K, committed 17996K, reserved 1048576K
}
Event: 56.043 GC heap before
{Heap before GC invocations=101 (full 0):
 garbage-first heap   total 349184K, used 286133K [0x0000000080000000, 0x0000000100000000)
  region size 1024K, 31 young (31744K), 6 survivors (6144K)
 Metaspace       used 133142K, capacity 136419K, committed 136696K, reserved 1167360K
  class space    used 16656K, capacity 17906K, committed 17996K, reserved 1048576K
}
Event: 56.072 GC heap after
{Heap after GC invocations=102 (full 0):
 garbage-first heap   total 349184K, used 273920K [0x0000000080000000, 0x0000000100000000)
  region size 1024K, 4 young (4096K), 4 survivors (4096K)
 Metaspace       used 133142K, capacity 136419K, committed 136696K, reserved 1167360K
  class space    used 16656K, capacity 17906K, committed 17996K, reserved 1048576K
}
Event: 56.453 GC heap before
{Heap before GC invocations=102 (full 0):
 garbage-first heap   total 349184K, used 292352K [0x0000000080000000, 0x0000000100000000)
  region size 1024K, 22 young (22528K), 4 survivors (4096K)
 Metaspace       used 133276K, capacity 136547K, committed 136696K, reserved 1167360K
  class space    used 16670K, capacity 17906K, committed 17996K, reserved 1048576K
}

