# JRE version: OpenJDK Runtime Environment (11.0.11+9) (build 11.0.11+9-b60-7590822)
# Java VM: OpenJDK 64-Bit Server VM (11.0.11+9-b60-7590822, mixed mode, tiered, compressed oops, g1 gc, windows-amd64)
Heap:
 garbage-first heap   total 513024K, used 239861K [0x0000000080000000, 0x0000000100000000)
  region size 1024K, 3 young (3072K), 3 survivors (3072K)
 Metaspace       used 95898K, capacity 98189K, committed 98508K, reserved 1134592K
  class space    used 12341K, capacity 13229K, committed 13312K, reserved 1048576K
GC Heap History (20 events):
Event: 15.292 GC heap after
{Heap after GC invocations=28 (full 0):
 garbage-first heap   total 239616K, used 119768K [0x0000000080000000, 0x0000000100000000)
  region size 1024K, 3 young (3072K), 3 survivors (3072K)
 Metaspace       used 93162K, capacity 95414K, committed 95564K, reserved 1132544K
  class space    used 11955K, capacity 12816K, committed 12928K, reserved 1048576K
}
Event: 15.567 GC heap before
{Heap before GC invocations=29 (full 0):
 garbage-first heap   total 239616K, used 151512K [0x0000000080000000, 0x0000000100000000)
  region size 1024K, 22 young (22528K), 3 survivors (3072K)
 Metaspace       used 93105K, capacity 95320K, committed 95564K, reserved 1132544K
  class space    used 11937K, capacity 12783K, committed 12928K, reserved 1048576K
}
Event: 15.572 GC heap after
{Heap after GC invocations=30 (full 0):
 garbage-first heap   total 239616K, used 142804K [0x0000000080000000, 0x0000000100000000)
  region size 1024K, 8 young (8192K), 8 survivors (8192K)
 Metaspace       used 93105K, capacity 95320K, committed 95564K, reserved 1132544K
  class space    used 11937K, capacity 12783K, committed 12928K, reserved 1048576K
}
Event: 15.982 GC heap before
{Heap before GC invocations=31 (full 0):
 garbage-first heap   total 239616K, used 160212K [0x0000000080000000, 0x0000000100000000)
  region size 1024K, 22 young (22528K), 8 survivors (8192K)
 Metaspace       used 95626K, capacity 97855K, committed 98124K, reserved 1134592K
  class space    used 12314K, capacity 13161K, committed 13184K, reserved 1048576K
}
Event: 15.988 GC heap after
{Heap after GC invocations=32 (full 0):
 garbage-first heap   total 239616K, used 150233K [0x0000000080000000, 0x0000000100000000)
  region size 1024K, 2 young (2048K), 2 survivors (2048K)
 Metaspace       used 95626K, capacity 97855K, committed 98124K, reserved 1134592K
  class space    used 12314K, capacity 13161K, committed 13184K, reserved 1048576K
}
Event: 16.123 GC heap before
{Heap before GC invocations=32 (full 0):
 garbage-first heap   total 239616K, used 231129K [0x0000000080000000, 0x0000000100000000)
  region size 1024K, 34 young (34816K), 2 survivors (2048K)
 Metaspace       used 95876K, capacity 98090K, committed 98252K, reserved 1134592K
  class space    used 12337K, capacity 13196K, committed 13312K, reserved 1048576K
}
Event: 16.132 GC heap after
{Heap after GC invocations=33 (full 0):
 garbage-first heap   total 249856K, used 189999K [0x0000000080000000, 0x0000000100000000)
  region size 1024K, 5 young (5120K), 5 survivors (5120K)
 Metaspace       used 95876K, capacity 98090K, committed 98252K, reserved 1134592K
  class space    used 12337K, capacity 13196K, committed 13312K, reserved 1048576K
}
Event: 16.218 GC heap before
{Heap before GC invocations=33 (full 0):
 garbage-first heap   total 249856K, used 207407K [0x0000000080000000, 0x0000000100000000)
  region size 1024K, 22 young (22528K), 5 survivors (5120K)
 Metaspace       used 95877K, capacity 98090K, committed 98252K, reserved 1134592K
  class space    used 12337K, capacity 13196K, committed 13312K, reserved 1048576K
}
Event: 16.233 GC heap after
{Heap after GC invocations=34 (full 0):
 garbage-first heap   total 249856K, used 196970K [0x0000000080000000, 0x0000000100000000)
  region size 1024K, 3 young (3072K), 3 survivors (3072K)
 Metaspace       used 95877K, capacity 98090K, committed 98252K, reserved 1134592K
  class space    used 12337K, capacity 13196K, committed 13312K, reserved 1048576K
}
Event: 16.279 GC heap before
{Heap before GC invocations=35 (full 0):
 garbage-first heap   total 249856K, used 197994K [0x0000000080000000, 0x0000000100000000)
  region size 1024K, 5 young (5120K), 3 survivors (3072K)
 Metaspace       used 95877K, capacity 98090K, committed 98252K, reserved 1134592K
  class space    used 12337K, capacity 13196K, committed 13312K, reserved 1048576K
}
Event: 16.286 GC heap after
{Heap after GC invocations=36 (full 0):
 garbage-first heap   total 249856K, used 197986K [0x0000000080000000, 0x0000000100000000)
  region size 1024K, 1 young (1024K), 1 survivors (1024K)
 Metaspace       used 95877K, capacity 98090K, committed 98252K, reserved 1134592K
  class space    used 12337K, capacity 13196K, committed 13312K, reserved 1048576K
}
Event: 16.335 GC heap before
{Heap before GC invocations=36 (full 0):
 garbage-first heap   total 249856K, used 211298K [0x0000000080000000, 0x0000000100000000)
  region size 1024K, 12 young (12288K), 1 survivors (1024K)
 Metaspace       used 95877K, capacity 98090K, committed 98252K, reserved 1134592K
  class space    used 12337K, capacity 13196K, committed 13312K, reserved 1048576K
}
Event: 16.345 GC heap after
{Heap after GC invocations=37 (full 0):
 garbage-first heap   total 300032K, used 205162K [0x0000000080000000, 0x0000000100000000)
  region size 1024K, 2 young (2048K), 2 survivors (2048K)
 Metaspace       used 95877K, capacity 98090K, committed 98252K, reserved 1134592K
  class space    used 12337K, capacity 13196K, committed 13312K, reserved 1048576K
}
Event: 16.524 GC heap before
{Heap before GC invocations=37 (full 0):
 garbage-first heap   total 300032K, used 228714K [0x0000000080000000, 0x0000000100000000)
  region size 1024K, 26 young (26624K), 2 survivors (2048K)
 Metaspace       used 95877K, capacity 98090K, committed 98252K, reserved 1134592K
  class space    used 12337K, capacity 13196K, committed 13312K, reserved 1048576K
}
Event: 16.543 GC heap after
{Heap after GC invocations=38 (full 0):
 garbage-first heap   total 300032K, used 213978K [0x0000000080000000, 0x0000000100000000)
  region size 1024K, 4 young (4096K), 4 survivors (4096K)
 Metaspace       used 95877K, capacity 98090K, committed 98252K, reserved 1134592K
  class space    used 12337K, capacity 13196K, committed 13312K, reserved 1048576K
}
Event: 16.651 GC heap before
{Heap before GC invocations=39 (full 0):
 garbage-first heap   total 300032K, used 240602K [0x0000000080000000, 0x0000000100000000)
  region size 1024K, 27 young (27648K), 4 survivors (4096K)
 Metaspace       used 95877K, capacity 98090K, committed 98252K, reserved 1134592K
  class space    used 12337K, capacity 13196K, committed 13312K, reserved 1048576K
}
Event: 16.674 GC heap after
{Heap after GC invocations=40 (full 0):
 garbage-first heap   total 300032K, used 228620K [0x0000000080000000, 0x0000000100000000)
  region size 1024K, 4 young (4096K), 4 survivors (4096K)
 Metaspace       used 95877K, capacity 98090K, committed 98252K, reserved 1134592K
  class space    used 12337K, capacity 13196K, committed 13312K, reserved 1048576K
}
Event: 16.701 GC heap before
{Heap before GC invocations=40 (full 0):
 garbage-first heap   total 300032K, used 236812K [0x0000000080000000, 0x0000000100000000)
  region size 1024K, 13 young (13312K), 4 survivors (4096K)
 Metaspace       used 95877K, capacity 98090K, committed 98252K, reserved 1134592K
  class space    used 12337K, capacity 13196K, committed 13312K, reserved 1048576K
}
Event: 16.717 GC heap after
{Heap after GC invocations=41 (full 0):
 garbage-first heap   total 300032K, used 232203K [0x0000000080000000, 0x0000000100000000)
  region size 1024K, 3 young (3072K), 3 survivors (3072K)
 Metaspace       used 95877K, capacity 98090K, committed 98252K, reserved 1134592K
  class space    used 12337K, capacity 13196K, committed 13312K, reserved 1048576K
}
Event: 16.785 GC heap before
{Heap before GC invocations=41 (full 0):
 garbage-first heap   total 300032K, used 247563K [0x0000000080000000, 0x0000000100000000)
  region size 1024K, 18 young (18432K), 3 survivors (3072K)
 Metaspace       used 95898K, capacity 98189K, committed 98508K, reserved 1134592K
  class space    used 12341K, capacity 13229K, committed 13312K, reserved 1048576K
}

