# JRE version: OpenJDK Runtime Environment (11.0.10) (build 11.0.10+0-b96-7249189)
# Java VM: OpenJDK 64-Bit Server VM (11.0.10+0-b96-7249189, mixed mode, tiered, compressed oops, g1 gc, windows-amd64)
Heap:
 garbage-first heap   total 143360K, used 85885K [0x0000000080000000, 0x0000000100000000)
  region size 1024K, 53 young (54272K), 6 survivors (6144K)
 Metaspace       used 49327K, capacity 50641K, committed 50764K, reserved 1093632K
  class space    used 6292K, capacity 6762K, committed 6784K, reserved 1048576K
GC Heap History (20 events):
Event: 0.709 GC heap before
{Heap before GC invocations=1 (full 0):
 garbage-first heap   total 98304K, used 19349K [0x0000000080000000, 0x0000000100000000)
  region size 1024K, 13 young (13312K), 2 survivors (2048K)
 Metaspace       used 10221K, capacity 10428K, committed 10624K, reserved 1058816K
  class space    used 1064K, capacity 1140K, committed 1152K, reserved 1048576K
}
Event: 0.712 GC heap after
{Heap after GC invocations=2 (full 0):
 garbage-first heap   total 98304K, used 9398K [0x0000000080000000, 0x0000000100000000)
  region size 1024K, 2 young (2048K), 2 survivors (2048K)
 Metaspace       used 10221K, capacity 10428K, committed 10624K, reserved 1058816K
  class space    used 1064K, capacity 1140K, committed 1152K, reserved 1048576K
}
Event: 1.127 GC heap before
{Heap before GC invocations=2 (full 0):
 garbage-first heap   total 98304K, used 38070K [0x0000000080000000, 0x0000000100000000)
  region size 1024K, 30 young (30720K), 2 survivors (2048K)
 Metaspace       used 11133K, capacity 11381K, committed 11520K, reserved 1058816K
  class space    used 1166K, capacity 1244K, committed 1280K, reserved 1048576K
}
Event: 1.131 GC heap after
{Heap after GC invocations=3 (full 0):
 garbage-first heap   total 98304K, used 12852K [0x0000000080000000, 0x0000000100000000)
  region size 1024K, 4 young (4096K), 4 survivors (4096K)
 Metaspace       used 11133K, capacity 11381K, committed 11520K, reserved 1058816K
  class space    used 1166K, capacity 1244K, committed 1280K, reserved 1048576K
}
Event: 2.156 GC heap before
{Heap before GC invocations=3 (full 0):
 garbage-first heap   total 98304K, used 57908K [0x0000000080000000, 0x0000000100000000)
  region size 1024K, 49 young (50176K), 4 survivors (4096K)
 Metaspace       used 18007K, capacity 18386K, committed 18432K, reserved 1064960K
  class space    used 2139K, capacity 2271K, committed 2304K, reserved 1048576K
}
Event: 2.162 GC heap after
{Heap after GC invocations=4 (full 0):
 garbage-first heap   total 98304K, used 16141K [0x0000000080000000, 0x0000000100000000)
  region size 1024K, 7 young (7168K), 7 survivors (7168K)
 Metaspace       used 18007K, capacity 18386K, committed 18432K, reserved 1064960K
  class space    used 2139K, capacity 2271K, committed 2304K, reserved 1048576K
}
Event: 2.340 GC heap before
{Heap before GC invocations=4 (full 0):
 garbage-first heap   total 98304K, used 36621K [0x0000000080000000, 0x0000000100000000)
  region size 1024K, 28 young (28672K), 7 survivors (7168K)
 Metaspace       used 20641K, capacity 21125K, committed 21248K, reserved 1067008K
  class space    used 2518K, capacity 2721K, committed 2816K, reserved 1048576K
}
Event: 2.347 GC heap after
{Heap after GC invocations=5 (full 0):
 garbage-first heap   total 118784K, used 16834K [0x0000000080000000, 0x0000000100000000)
  region size 1024K, 1 young (1024K), 1 survivors (1024K)
 Metaspace       used 20641K, capacity 21125K, committed 21248K, reserved 1067008K
  class space    used 2518K, capacity 2721K, committed 2816K, reserved 1048576K
}
Event: 2.931 GC heap before
{Heap before GC invocations=6 (full 0):
 garbage-first heap   total 118784K, used 61890K [0x0000000080000000, 0x0000000100000000)
  region size 1024K, 45 young (46080K), 1 survivors (1024K)
 Metaspace       used 25259K, capacity 25840K, committed 26112K, reserved 1071104K
  class space    used 3278K, capacity 3488K, committed 3584K, reserved 1048576K
}
Event: 2.934 GC heap after
{Heap after GC invocations=7 (full 0):
 garbage-first heap   total 118784K, used 18212K [0x0000000080000000, 0x0000000100000000)
  region size 1024K, 3 young (3072K), 3 survivors (3072K)
 Metaspace       used 25259K, capacity 25840K, committed 26112K, reserved 1071104K
  class space    used 3278K, capacity 3488K, committed 3584K, reserved 1048576K
}
Event: 3.431 GC heap before
{Heap before GC invocations=7 (full 0):
 garbage-first heap   total 118784K, used 66340K [0x0000000080000000, 0x0000000100000000)
  region size 1024K, 50 young (51200K), 3 survivors (3072K)
 Metaspace       used 29964K, capacity 30680K, committed 30976K, reserved 1075200K
  class space    used 4018K, capacity 4273K, committed 4352K, reserved 1048576K
}
Event: 3.434 GC heap after
{Heap after GC invocations=8 (full 0):
 garbage-first heap   total 118784K, used 19594K [0x0000000080000000, 0x0000000100000000)
  region size 1024K, 4 young (4096K), 4 survivors (4096K)
 Metaspace       used 29964K, capacity 30680K, committed 30976K, reserved 1075200K
  class space    used 4018K, capacity 4273K, committed 4352K, reserved 1048576K
}
Event: 3.796 GC heap before
{Heap before GC invocations=8 (full 0):
 garbage-first heap   total 118784K, used 34954K [0x0000000080000000, 0x0000000100000000)
  region size 1024K, 21 young (21504K), 4 survivors (4096K)
 Metaspace       used 35014K, capacity 35805K, committed 35840K, reserved 1081344K
  class space    used 4536K, capacity 4833K, committed 4864K, reserved 1048576K
}
Event: 3.804 GC heap after
{Heap after GC invocations=9 (full 0):
 garbage-first heap   total 118784K, used 21849K [0x0000000080000000, 0x0000000100000000)
  region size 1024K, 6 young (6144K), 6 survivors (6144K)
 Metaspace       used 35014K, capacity 35805K, committed 35840K, reserved 1081344K
  class space    used 4536K, capacity 4833K, committed 4864K, reserved 1048576K
}
Event: 4.256 GC heap before
{Heap before GC invocations=10 (full 0):
 garbage-first heap   total 118784K, used 74073K [0x0000000080000000, 0x0000000100000000)
  region size 1024K, 55 young (56320K), 6 survivors (6144K)
 Metaspace       used 38674K, capacity 39638K, committed 39884K, reserved 1083392K
  class space    used 4930K, capacity 5252K, committed 5376K, reserved 1048576K
}
Event: 4.265 GC heap after
{Heap after GC invocations=11 (full 0):
 garbage-first heap   total 118784K, used 26067K [0x0000000080000000, 0x0000000100000000)
  region size 1024K, 7 young (7168K), 7 survivors (7168K)
 Metaspace       used 38674K, capacity 39638K, committed 39884K, reserved 1083392K
  class space    used 4930K, capacity 5252K, committed 5376K, reserved 1048576K
}
Event: 5.612 GC heap before
{Heap before GC invocations=11 (full 0):
 garbage-first heap   total 118784K, used 77267K [0x0000000080000000, 0x0000000100000000)
  region size 1024K, 56 young (57344K), 7 survivors (7168K)
 Metaspace       used 43349K, capacity 44403K, committed 44620K, reserved 1087488K
  class space    used 5534K, capacity 5897K, committed 6016K, reserved 1048576K
}
Event: 5.625 GC heap after
{Heap after GC invocations=12 (full 0):
 garbage-first heap   total 118784K, used 28703K [0x0000000080000000, 0x0000000100000000)
  region size 1024K, 6 young (6144K), 6 survivors (6144K)
 Metaspace       used 43349K, capacity 44403K, committed 44620K, reserved 1087488K
  class space    used 5534K, capacity 5897K, committed 6016K, reserved 1048576K
}
Event: 7.277 GC heap before
{Heap before GC invocations=12 (full 0):
 garbage-first heap   total 118784K, used 78879K [0x0000000080000000, 0x0000000100000000)
  region size 1024K, 55 young (56320K), 6 survivors (6144K)
 Metaspace       used 46720K, capacity 47965K, committed 48204K, reserved 1091584K
  class space    used 5979K, capacity 6422K, committed 6528K, reserved 1048576K
}
Event: 7.287 GC heap after
{Heap after GC invocations=13 (full 0):
 garbage-first heap   total 143360K, used 31613K [0x0000000080000000, 0x0000000100000000)
  region size 1024K, 6 young (6144K), 6 survivors (6144K)
 Metaspace       used 46720K, capacity 47965K, committed 48204K, reserved 1091584K
  class space    used 5979K, capacity 6422K, committed 6528K, reserved 1048576K
}

