# JRE version: OpenJDK Runtime Environment (11.0.11+9) (build 11.0.11+9-b60-7590822)
# Java VM: OpenJDK 64-Bit Server VM (11.0.11+9-b60-7590822, mixed mode, tiered, compressed oops, g1 gc, windows-amd64)
Heap:
 garbage-first heap   total 453632K, used 239632K [0x0000000080000000, 0x0000000100000000)
  region size 1024K, 3 young (3072K), 3 survivors (3072K)
 Metaspace       used 111343K, capacity 113813K, committed 113996K, reserved 1148928K
  class space    used 13772K, capacity 14709K, committed 14720K, reserved 1048576K
GC Heap History (20 events):
Event: 22.401 GC heap after
{Heap after GC invocations=43 (full 0):
 garbage-first heap   total 239616K, used 119672K [0x0000000080000000, 0x0000000100000000)
  region size 1024K, 10 young (10240K), 10 survivors (10240K)
 Metaspace       used 107307K, capacity 109745K, committed 109900K, reserved 1144832K
  class space    used 13218K, capacity 14142K, committed 14208K, reserved 1048576K
}
Event: 22.856 GC heap before
{Heap before GC invocations=43 (full 0):
 garbage-first heap   total 239616K, used 193400K [0x0000000080000000, 0x0000000100000000)
  region size 1024K, 83 young (84992K), 10 survivors (10240K)
 Metaspace       used 107413K, capacity 109831K, committed 109900K, reserved 1144832K
  class space    used 13230K, capacity 14148K, committed 14208K, reserved 1048576K
}
Event: 22.869 GC heap after
{Heap after GC invocations=44 (full 0):
 garbage-first heap   total 239616K, used 122453K [0x0000000080000000, 0x0000000100000000)
  region size 1024K, 6 young (6144K), 6 survivors (6144K)
 Metaspace       used 107413K, capacity 109831K, committed 109900K, reserved 1144832K
  class space    used 13230K, capacity 14148K, committed 14208K, reserved 1048576K
}
Event: 23.622 GC heap before
{Heap before GC invocations=45 (full 0):
 garbage-first heap   total 239616K, used 233045K [0x0000000080000000, 0x0000000100000000)
  region size 1024K, 77 young (78848K), 6 survivors (6144K)
 Metaspace       used 110318K, capacity 112730K, committed 112844K, reserved 1146880K
  class space    used 13642K, capacity 14572K, committed 14592K, reserved 1048576K
}
Event: 23.636 GC heap after
{Heap after GC invocations=46 (full 0):
 garbage-first heap   total 256000K, used 169600K [0x0000000080000000, 0x0000000100000000)
  region size 1024K, 10 young (10240K), 10 survivors (10240K)
 Metaspace       used 110318K, capacity 112730K, committed 112844K, reserved 1146880K
  class space    used 13642K, capacity 14572K, committed 14592K, reserved 1048576K
}
Event: 23.640 GC heap before
{Heap before GC invocations=46 (full 0):
 garbage-first heap   total 256000K, used 176768K [0x0000000080000000, 0x0000000100000000)
  region size 1024K, 12 young (12288K), 10 survivors (10240K)
 Metaspace       used 110321K, capacity 112730K, committed 112844K, reserved 1146880K
  class space    used 13642K, capacity 14572K, committed 14592K, reserved 1048576K
}
Event: 23.648 GC heap after
{Heap after GC invocations=47 (full 0):
 garbage-first heap   total 307200K, used 169583K [0x0000000080000000, 0x0000000100000000)
  region size 1024K, 2 young (2048K), 2 survivors (2048K)
 Metaspace       used 110321K, capacity 112730K, committed 112844K, reserved 1146880K
  class space    used 13642K, capacity 14572K, committed 14592K, reserved 1048576K
}
Event: 23.660 GC heap before
{Heap before GC invocations=47 (full 0):
 garbage-first heap   total 307200K, used 177775K [0x0000000080000000, 0x0000000100000000)
  region size 1024K, 12 young (12288K), 2 survivors (2048K)
 Metaspace       used 110323K, capacity 112730K, committed 112844K, reserved 1146880K
  class space    used 13642K, capacity 14572K, committed 14592K, reserved 1048576K
}
Event: 23.664 GC heap after
{Heap after GC invocations=48 (full 0):
 garbage-first heap   total 307200K, used 173579K [0x0000000080000000, 0x0000000100000000)
  region size 1024K, 6 young (6144K), 6 survivors (6144K)
 Metaspace       used 110323K, capacity 112730K, committed 112844K, reserved 1146880K
  class space    used 13642K, capacity 14572K, committed 14592K, reserved 1048576K
}
Event: 24.185 GC heap before
{Heap before GC invocations=49 (full 0):
 garbage-first heap   total 307200K, used 258571K [0x0000000080000000, 0x0000000100000000)
  region size 1024K, 62 young (63488K), 6 survivors (6144K)
 Metaspace       used 111065K, capacity 113535K, committed 113740K, reserved 1148928K
  class space    used 13719K, capacity 14654K, committed 14720K, reserved 1048576K
}
Event: 24.201 GC heap after
{Heap after GC invocations=50 (full 0):
 garbage-first heap   total 307200K, used 204770K [0x0000000080000000, 0x0000000100000000)
  region size 1024K, 8 young (8192K), 8 survivors (8192K)
 Metaspace       used 111065K, capacity 113535K, committed 113740K, reserved 1148928K
  class space    used 13719K, capacity 14654K, committed 14720K, reserved 1048576K
}
Event: 24.219 GC heap before
{Heap before GC invocations=50 (full 0):
 garbage-first heap   total 307200K, used 207842K [0x0000000080000000, 0x0000000100000000)
  region size 1024K, 12 young (12288K), 8 survivors (8192K)
 Metaspace       used 111167K, capacity 113626K, committed 113740K, reserved 1148928K
  class space    used 13740K, capacity 14666K, committed 14720K, reserved 1048576K
}
Event: 24.229 GC heap after
{Heap after GC invocations=51 (full 0):
 garbage-first heap   total 307200K, used 207227K [0x0000000080000000, 0x0000000100000000)
  region size 1024K, 2 young (2048K), 2 survivors (2048K)
 Metaspace       used 111167K, capacity 113626K, committed 113740K, reserved 1148928K
  class space    used 13740K, capacity 14666K, committed 14720K, reserved 1048576K
}
Event: 24.435 GC heap before
{Heap before GC invocations=51 (full 0):
 garbage-first heap   total 307200K, used 237947K [0x0000000080000000, 0x0000000100000000)
  region size 1024K, 30 young (30720K), 2 survivors (2048K)
 Metaspace       used 111317K, capacity 113749K, committed 113996K, reserved 1148928K
  class space    used 13769K, capacity 14709K, committed 14720K, reserved 1048576K
}
Event: 24.451 GC heap after
{Heap after GC invocations=52 (full 0):
 garbage-first heap   total 307200K, used 219432K [0x0000000080000000, 0x0000000100000000)
  region size 1024K, 4 young (4096K), 4 survivors (4096K)
 Metaspace       used 111317K, capacity 113749K, committed 113996K, reserved 1148928K
  class space    used 13769K, capacity 14709K, committed 14720K, reserved 1048576K
}
Event: 24.625 GC heap before
{Heap before GC invocations=53 (full 0):
 garbage-first heap   total 307200K, used 247080K [0x0000000080000000, 0x0000000100000000)
  region size 1024K, 28 young (28672K), 4 survivors (4096K)
 Metaspace       used 111321K, capacity 113749K, committed 113996K, reserved 1148928K
  class space    used 13769K, capacity 14709K, committed 14720K, reserved 1048576K
}
Event: 24.652 GC heap after
{Heap after GC invocations=54 (full 0):
 garbage-first heap   total 307200K, used 233600K [0x0000000080000000, 0x0000000100000000)
  region size 1024K, 4 young (4096K), 4 survivors (4096K)
 Metaspace       used 111321K, capacity 113749K, committed 113996K, reserved 1148928K
  class space    used 13769K, capacity 14709K, committed 14720K, reserved 1048576K
}
Event: 24.708 GC heap before
{Heap before GC invocations=54 (full 0):
 garbage-first heap   total 307200K, used 243840K [0x0000000080000000, 0x0000000100000000)
  region size 1024K, 15 young (15360K), 4 survivors (4096K)
 Metaspace       used 111343K, capacity 113813K, committed 113996K, reserved 1148928K
  class space    used 13772K, capacity 14709K, committed 14720K, reserved 1048576K
}
Event: 24.732 GC heap after
{Heap after GC invocations=55 (full 0):
 garbage-first heap   total 307200K, used 236544K [0x0000000080000000, 0x0000000100000000)
  region size 1024K, 2 young (2048K), 2 survivors (2048K)
 Metaspace       used 111343K, capacity 113813K, committed 113996K, reserved 1148928K
  class space    used 13772K, capacity 14709K, committed 14720K, reserved 1048576K
}
Event: 24.783 GC heap before
{Heap before GC invocations=55 (full 0):
 garbage-first heap   total 307200K, used 240640K [0x0000000080000000, 0x0000000100000000)
  region size 1024K, 8 young (8192K), 2 survivors (2048K)
 Metaspace       used 111343K, capacity 113813K, committed 113996K, reserved 1148928K
  class space    used 13772K, capacity 14709K, committed 14720K, reserved 1048576K
}

