# JRE version: OpenJDK Runtime Environment (11.0.11+9) (build 11.0.11+9-b60-7590822)
# Java VM: OpenJDK 64-Bit Server VM (11.0.11+9-b60-7590822, mixed mode, tiered, compressed oops, g1 gc, windows-amd64)
Heap:
 garbage-first heap   total 432128K, used 312320K [0x0000000080000000, 0x0000000100000000)
  region size 1024K, 87 young (89088K), 16 survivors (16384K)
 Metaspace       used 331331K, capacity 338403K, committed 338732K, reserved 1345536K
  class space    used 39699K, capacity 42218K, committed 42368K, reserved 1048576K
GC Heap History (20 events):
Event: 4422.612 GC heap before
{Heap before GC invocations=311 (full 0):
 garbage-first heap   total 432128K, used 336252K [0x0000000080000000, 0x0000000100000000)
  region size 1024K, 137 young (140288K), 3 survivors (3072K)
 Metaspace       used 314076K, capacity 320897K, committed 321196K, reserved 1331200K
  class space    used 37659K, capacity 40073K, committed 40192K, reserved 1048576K
}
Event: 4422.675 GC heap after
{Heap after GC invocations=312 (full 0):
 garbage-first heap   total 432128K, used 209573K [0x0000000080000000, 0x0000000100000000)
  region size 1024K, 13 young (13312K), 13 survivors (13312K)
 Metaspace       used 314076K, capacity 320897K, committed 321196K, reserved 1331200K
  class space    used 37659K, capacity 40073K, committed 40192K, reserved 1048576K
}
Event: 6037.561 GC heap before
{Heap before GC invocations=313 (full 0):
 garbage-first heap   total 432128K, used 340645K [0x0000000080000000, 0x0000000100000000)
  region size 1024K, 143 young (146432K), 13 survivors (13312K)
 Metaspace       used 314767K, capacity 321918K, committed 322092K, reserved 1331200K
  class space    used 37780K, capacity 40299K, committed 40320K, reserved 1048576K
}
Event: 6037.740 GC heap after
{Heap after GC invocations=314 (full 0):
 garbage-first heap   total 432128K, used 207017K [0x0000000080000000, 0x0000000100000000)
  region size 1024K, 3 young (3072K), 3 survivors (3072K)
 Metaspace       used 314767K, capacity 321918K, committed 322092K, reserved 1331200K
  class space    used 37780K, capacity 40299K, committed 40320K, reserved 1048576K
}
Event: 6271.872 GC heap before
{Heap before GC invocations=314 (full 0):
 garbage-first heap   total 432128K, used 225449K [0x0000000080000000, 0x0000000100000000)
  region size 1024K, 21 young (21504K), 3 survivors (3072K)
 Metaspace       used 314791K, capacity 321919K, committed 322092K, reserved 1331200K
  class space    used 37780K, capacity 40299K, committed 40320K, reserved 1048576K
}
Event: 6272.121 GC heap after
{Heap after GC invocations=315 (full 0):
 garbage-first heap   total 432128K, used 177813K [0x0000000080000000, 0x0000000100000000)
  region size 1024K, 3 young (3072K), 3 survivors (3072K)
 Metaspace       used 314791K, capacity 321919K, committed 322092K, reserved 1331200K
  class space    used 37780K, capacity 40299K, committed 40320K, reserved 1048576K
}
Event: 6273.218 GC heap before
{Heap before GC invocations=315 (full 0):
 garbage-first heap   total 432128K, used 236181K [0x0000000080000000, 0x0000000100000000)
  region size 1024K, 61 young (62464K), 3 survivors (3072K)
 Metaspace       used 314839K, capacity 321919K, committed 322092K, reserved 1331200K
  class space    used 37781K, capacity 40299K, committed 40320K, reserved 1048576K
}
Event: 6273.276 GC heap after
{Heap after GC invocations=316 (full 0):
 garbage-first heap   total 432128K, used 183930K [0x0000000080000000, 0x0000000100000000)
  region size 1024K, 9 young (9216K), 9 survivors (9216K)
 Metaspace       used 314839K, capacity 321919K, committed 322092K, reserved 1331200K
  class space    used 37781K, capacity 40299K, committed 40320K, reserved 1048576K
}
Event: 6279.075 GC heap before
{Heap before GC invocations=317 (full 0):
 garbage-first heap   total 432128K, used 327290K [0x0000000080000000, 0x0000000100000000)
  region size 1024K, 134 young (137216K), 9 survivors (9216K)
 Metaspace       used 314575K, capacity 321485K, committed 322092K, reserved 1331200K
  class space    used 37731K, capacity 40204K, committed 40320K, reserved 1048576K
}
Event: 6279.115 GC heap after
{Heap after GC invocations=318 (full 0):
 garbage-first heap   total 432128K, used 190122K [0x0000000080000000, 0x0000000100000000)
  region size 1024K, 17 young (17408K), 17 survivors (17408K)
 Metaspace       used 314575K, capacity 321485K, committed 322092K, reserved 1331200K
  class space    used 37731K, capacity 40204K, committed 40320K, reserved 1048576K
}
Event: 6279.119 GC heap before
{Heap before GC invocations=318 (full 0):
 garbage-first heap   total 432128K, used 193194K [0x0000000080000000, 0x0000000100000000)
  region size 1024K, 21 young (21504K), 17 survivors (17408K)
 Metaspace       used 314575K, capacity 321485K, committed 322092K, reserved 1331200K
  class space    used 37731K, capacity 40204K, committed 40320K, reserved 1048576K
}
Event: 6279.164 GC heap after
{Heap after GC invocations=319 (full 0):
 garbage-first heap   total 432128K, used 178272K [0x0000000080000000, 0x0000000100000000)
  region size 1024K, 1 young (1024K), 1 survivors (1024K)
 Metaspace       used 314575K, capacity 321485K, committed 322092K, reserved 1331200K
  class space    used 37731K, capacity 40204K, committed 40320K, reserved 1048576K
}
Event: 6306.387 GC heap before
{Heap before GC invocations=319 (full 0):
 garbage-first heap   total 432128K, used 302176K [0x0000000080000000, 0x0000000100000000)
  region size 1024K, 124 young (126976K), 1 survivors (1024K)
 Metaspace       used 314827K, capacity 321808K, committed 322348K, reserved 1331200K
  class space    used 37758K, capacity 40254K, committed 40320K, reserved 1048576K
}
Event: 6306.401 GC heap after
{Heap after GC invocations=320 (full 0):
 garbage-first heap   total 432128K, used 181243K [0x0000000080000000, 0x0000000100000000)
  region size 1024K, 4 young (4096K), 4 survivors (4096K)
 Metaspace       used 314827K, capacity 321808K, committed 322348K, reserved 1331200K
  class space    used 37758K, capacity 40254K, committed 40320K, reserved 1048576K
}
Event: 6310.539 GC heap before
{Heap before GC invocations=321 (full 0):
 garbage-first heap   total 432128K, used 334843K [0x0000000080000000, 0x0000000100000000)
  region size 1024K, 143 young (146432K), 4 survivors (4096K)
 Metaspace       used 319646K, capacity 326641K, committed 327212K, reserved 1335296K
  class space    used 38221K, capacity 40725K, committed 40832K, reserved 1048576K
}
Event: 6310.624 GC heap after
{Heap after GC invocations=322 (full 0):
 garbage-first heap   total 432128K, used 208308K [0x0000000080000000, 0x0000000100000000)
  region size 1024K, 18 young (18432K), 18 survivors (18432K)
 Metaspace       used 319646K, capacity 326641K, committed 327212K, reserved 1335296K
  class space    used 38221K, capacity 40725K, committed 40832K, reserved 1048576K
}
Event: 6310.718 GC heap before
{Heap before GC invocations=322 (full 0):
 garbage-first heap   total 432128K, used 211380K [0x0000000080000000, 0x0000000100000000)
  region size 1024K, 21 young (21504K), 18 survivors (18432K)
 Metaspace       used 320336K, capacity 327345K, committed 327852K, reserved 1337344K
  class space    used 38293K, capacity 40789K, committed 40960K, reserved 1048576K
}
Event: 6310.936 GC heap after
{Heap after GC invocations=323 (full 0):
 garbage-first heap   total 432128K, used 207158K [0x0000000080000000, 0x0000000100000000)
  region size 1024K, 2 young (2048K), 2 survivors (2048K)
 Metaspace       used 320336K, capacity 327345K, committed 327852K, reserved 1337344K
  class space    used 38293K, capacity 40789K, committed 40960K, reserved 1048576K
}
Event: 6313.078 GC heap before
{Heap before GC invocations=323 (full 0):
 garbage-first heap   total 432128K, used 316726K [0x0000000080000000, 0x0000000100000000)
  region size 1024K, 110 young (112640K), 2 survivors (2048K)
 Metaspace       used 330050K, capacity 337052K, committed 337580K, reserved 1345536K
  class space    used 39579K, capacity 42070K, committed 42240K, reserved 1048576K
}
Event: 6313.169 GC heap after
{Heap after GC invocations=324 (full 0):
 garbage-first heap   total 432128K, used 237568K [0x0000000080000000, 0x0000000100000000)
  region size 1024K, 16 young (16384K), 16 survivors (16384K)
 Metaspace       used 330050K, capacity 337052K, committed 337580K, reserved 1345536K
  class space    used 39579K, capacity 42070K, committed 42240K, reserved 1048576K
}

