# JRE version: OpenJDK Runtime Environment (11.0.11+9) (build 11.0.11+9-b60-7590822)
# Java VM: OpenJDK 64-Bit Server VM (11.0.11+9-b60-7590822, mixed mode, tiered, compressed oops, g1 gc, windows-amd64)
Heap:
 garbage-first heap   total 567296K, used 261120K [0x0000000080000000, 0x0000000100000000)
  region size 1024K, 2 young (2048K), 2 survivors (2048K)
 Metaspace       used 98114K, capacity 100477K, committed 100812K, reserved 1136640K
  class space    used 12813K, capacity 13712K, committed 13824K, reserved 1048576K
GC Heap History (20 events):
Event: 16.240 GC heap after
{Heap after GC invocations=30 (full 0):
 garbage-first heap   total 199680K, used 115769K [0x0000000080000000, 0x0000000100000000)
  region size 1024K, 7 young (7168K), 7 survivors (7168K)
 Metaspace       used 93086K, capacity 95326K, committed 95564K, reserved 1132544K
  class space    used 11945K, capacity 12783K, committed 12928K, reserved 1048576K
}
Event: 16.647 GC heap before
{Heap before GC invocations=31 (full 0):
 garbage-first heap   total 199680K, used 158777K [0x0000000080000000, 0x0000000100000000)
  region size 1024K, 27 young (27648K), 7 survivors (7168K)
 Metaspace       used 95653K, capacity 97955K, committed 98252K, reserved 1134592K
  class space    used 12321K, capacity 13193K, committed 13312K, reserved 1048576K
}
Event: 16.657 GC heap after
{Heap after GC invocations=32 (full 0):
 garbage-first heap   total 239616K, used 151086K [0x0000000080000000, 0x0000000100000000)
  region size 1024K, 8 young (8192K), 8 survivors (8192K)
 Metaspace       used 95653K, capacity 97955K, committed 98252K, reserved 1134592K
  class space    used 12321K, capacity 13193K, committed 13312K, reserved 1048576K
}
Event: 16.924 GC heap before
{Heap before GC invocations=32 (full 0):
 garbage-first heap   total 239616K, used 238126K [0x0000000080000000, 0x0000000100000000)
  region size 1024K, 46 young (47104K), 8 survivors (8192K)
 Metaspace       used 95900K, capacity 98190K, committed 98508K, reserved 1134592K
  class space    used 12345K, capacity 13228K, committed 13312K, reserved 1048576K
}
Event: 16.943 GC heap after
{Heap after GC invocations=33 (full 0):
 garbage-first heap   total 266240K, used 194560K [0x0000000080000000, 0x0000000100000000)
  region size 1024K, 6 young (6144K), 6 survivors (6144K)
 Metaspace       used 95900K, capacity 98190K, committed 98508K, reserved 1134592K
  class space    used 12345K, capacity 13228K, committed 13312K, reserved 1048576K
}
Event: 16.984 GC heap before
{Heap before GC invocations=34 (full 0):
 garbage-first heap   total 266240K, used 205824K [0x0000000080000000, 0x0000000100000000)
  region size 1024K, 19 young (19456K), 6 survivors (6144K)
 Metaspace       used 95900K, capacity 98190K, committed 98508K, reserved 1134592K
  class space    used 12345K, capacity 13228K, committed 13312K, reserved 1048576K
}
Event: 16.996 GC heap after
{Heap after GC invocations=35 (full 0):
 garbage-first heap   total 266240K, used 200386K [0x0000000080000000, 0x0000000100000000)
  region size 1024K, 4 young (4096K), 4 survivors (4096K)
 Metaspace       used 95900K, capacity 98190K, committed 98508K, reserved 1134592K
  class space    used 12345K, capacity 13228K, committed 13312K, reserved 1048576K
}
Event: 17.094 GC heap before
{Heap before GC invocations=35 (full 0):
 garbage-first heap   total 266240K, used 220866K [0x0000000080000000, 0x0000000100000000)
  region size 1024K, 22 young (22528K), 4 survivors (4096K)
 Metaspace       used 95900K, capacity 98190K, committed 98508K, reserved 1134592K
  class space    used 12345K, capacity 13228K, committed 13312K, reserved 1048576K
}
Event: 17.109 GC heap after
{Heap after GC invocations=36 (full 0):
 garbage-first heap   total 266240K, used 210468K [0x0000000080000000, 0x0000000100000000)
  region size 1024K, 3 young (3072K), 3 survivors (3072K)
 Metaspace       used 95900K, capacity 98190K, committed 98508K, reserved 1134592K
  class space    used 12345K, capacity 13228K, committed 13312K, reserved 1048576K
}
Event: 17.223 GC heap before
{Heap before GC invocations=36 (full 0):
 garbage-first heap   total 266240K, used 224804K [0x0000000080000000, 0x0000000100000000)
  region size 1024K, 17 young (17408K), 3 survivors (3072K)
 Metaspace       used 95900K, capacity 98190K, committed 98508K, reserved 1134592K
  class space    used 12345K, capacity 13228K, committed 13312K, reserved 1048576K
}
Event: 17.242 GC heap after
{Heap after GC invocations=37 (full 0):
 garbage-first heap   total 266240K, used 216019K [0x0000000080000000, 0x0000000100000000)
  region size 1024K, 3 young (3072K), 3 survivors (3072K)
 Metaspace       used 95900K, capacity 98190K, committed 98508K, reserved 1134592K
  class space    used 12345K, capacity 13228K, committed 13312K, reserved 1048576K
}
Event: 17.278 GC heap before
{Heap before GC invocations=37 (full 0):
 garbage-first heap   total 266240K, used 229331K [0x0000000080000000, 0x0000000100000000)
  region size 1024K, 15 young (15360K), 3 survivors (3072K)
 Metaspace       used 95900K, capacity 98190K, committed 98508K, reserved 1134592K
  class space    used 12345K, capacity 13228K, committed 13312K, reserved 1048576K
}
Event: 17.294 GC heap after
{Heap after GC invocations=38 (full 0):
 garbage-first heap   total 327680K, used 223748K [0x0000000080000000, 0x0000000100000000)
  region size 1024K, 2 young (2048K), 2 survivors (2048K)
 Metaspace       used 95900K, capacity 98190K, committed 98508K, reserved 1134592K
  class space    used 12345K, capacity 13228K, committed 13312K, reserved 1048576K
}
Event: 17.370 GC heap before
{Heap before GC invocations=39 (full 0):
 garbage-first heap   total 327680K, used 246276K [0x0000000080000000, 0x0000000100000000)
  region size 1024K, 23 young (23552K), 2 survivors (2048K)
 Metaspace       used 95900K, capacity 98190K, committed 98508K, reserved 1134592K
  class space    used 12345K, capacity 13228K, committed 13312K, reserved 1048576K
}
Event: 17.390 GC heap after
{Heap after GC invocations=40 (full 0):
 garbage-first heap   total 327680K, used 234780K [0x0000000080000000, 0x0000000100000000)
  region size 1024K, 4 young (4096K), 4 survivors (4096K)
 Metaspace       used 95900K, capacity 98190K, committed 98508K, reserved 1134592K
  class space    used 12345K, capacity 13228K, committed 13312K, reserved 1048576K
}
Event: 17.691 GC heap before
{Heap before GC invocations=40 (full 0):
 garbage-first heap   total 327680K, used 258332K [0x0000000080000000, 0x0000000100000000)
  region size 1024K, 29 young (29696K), 4 survivors (4096K)
 Metaspace       used 97983K, capacity 100341K, committed 100556K, reserved 1136640K
  class space    used 12811K, capacity 13712K, committed 13824K, reserved 1048576K
}
Event: 17.717 GC heap after
{Heap after GC invocations=41 (full 0):
 garbage-first heap   total 327680K, used 243110K [0x0000000080000000, 0x0000000100000000)
  region size 1024K, 4 young (4096K), 4 survivors (4096K)
 Metaspace       used 97983K, capacity 100341K, committed 100556K, reserved 1136640K
  class space    used 12811K, capacity 13712K, committed 13824K, reserved 1048576K
}
Event: 17.893 GC heap before
{Heap before GC invocations=42 (full 0):
 garbage-first heap   total 327680K, used 266662K [0x0000000080000000, 0x0000000100000000)
  region size 1024K, 27 young (27648K), 4 survivors (4096K)
 Metaspace       used 98111K, capacity 100477K, committed 100812K, reserved 1136640K
  class space    used 12813K, capacity 13712K, committed 13824K, reserved 1048576K
}
Event: 17.914 GC heap after
{Heap after GC invocations=43 (full 0):
 garbage-first heap   total 327680K, used 254976K [0x0000000080000000, 0x0000000100000000)
  region size 1024K, 4 young (4096K), 4 survivors (4096K)
 Metaspace       used 98111K, capacity 100477K, committed 100812K, reserved 1136640K
  class space    used 12813K, capacity 13712K, committed 13824K, reserved 1048576K
}
Event: 17.951 GC heap before
{Heap before GC invocations=43 (full 0):
 garbage-first heap   total 327680K, used 267264K [0x0000000080000000, 0x0000000100000000)
  region size 1024K, 16 young (16384K), 4 survivors (4096K)
 Metaspace       used 98114K, capacity 100477K, committed 100812K, reserved 1136640K
  class space    used 12813K, capacity 13712K, committed 13824K, reserved 1048576K
}

